2026-03-14 06:30:53.126582: E external/local_xla/xla/stream_executor/cuda/cuda_fft.cc:485] Unable to register cuFFT factory: Attempting to register factory for plugin cuFFT when one has already been registered
2026-03-14 06:30:53.147235: E external/local_xla/xla/stream_executor/cuda/cuda_dnn.cc:8454] Unable to register cuDNN factory: Attempting to register factory for plugin cuDNN when one has already been registered
2026-03-14 06:30:53.153512: E external/local_xla/xla/stream_executor/cuda/cuda_blas.cc:1452] Unable to register cuBLAS factory: Attempting to register factory for plugin cuBLAS when one has already been registered
Initialized distributed mode...
Start training
Load PResNet18 state_dict
Initial lr:  [0.0001, 0.0001]
Resume checkpoint from /kaggle/input/notebooks/movidudinusara/final-training-rt-detrr18-visd-slimp2layer/RT-DETR_SOD_IMP/rtdetr_pytorch/output/rtdetr_r18vd_p2_slim/checkpoint0099.pth
Loading last_epoch
Loading model.state_dict
Loading ema.state_dict
Loading optimizer.state_dict
Loading lr_scheduler.state_dict
Overriding milestones to [85]
Recalculated optimizer LR to 1e-05 (factor: 0.1)
loading annotations into memory...
Done (t=2.09s)
creating index...
index created!
loading annotations into memory...
Done (t=0.11s)
creating index...
index created!
number of params: 21323448
Epoch: [100]  [   0/1617]  eta: 1:37:34  lr: 0.000010  loss: 10.6257 (10.6257)  loss_vfl: 0.3749 (0.3749)  loss_bbox: 0.0642 (0.0642)  loss_giou: 1.2196 (1.2196)  loss_vfl_aux_0: 0.3825 (0.3825)  loss_bbox_aux_0: 0.0885 (0.0885)  loss_giou_aux_0: 1.2644 (1.2644)  loss_vfl_aux_1: 0.3801 (0.3801)  loss_bbox_aux_1: 0.0742 (0.0742)  loss_giou_aux_1: 1.2502 (1.2502)  loss_vfl_aux_2: 0.4144 (0.4144)  loss_bbox_aux_2: 0.0849 (0.0849)  loss_giou_aux_2: 1.2306 (1.2306)  loss_vfl_dn_0: 0.4406 (0.4406)  loss_bbox_dn_0: 0.0243 (0.0243)  loss_giou_dn_0: 0.8626 (0.8626)  loss_vfl_dn_1: 0.4426 (0.4426)  loss_bbox_dn_1: 0.0201 (0.0201)  loss_giou_dn_1: 0.7776 (0.7776)  loss_vfl_dn_2: 0.4363 (0.4363)  loss_bbox_dn_2: 0.0198 (0.0198)  loss_giou_dn_2: 0.7731 (0.7731)  time: 3.6205  data: 1.7141  max mem: 3335
Epoch: [100]  [ 100/1617]  eta: 0:12:01  lr: 0.000010  loss: 9.6243 (9.5096)  loss_vfl: 0.4857 (0.5145)  loss_bbox: 0.0688 (0.0778)  loss_giou: 0.8704 (0.8814)  loss_vfl_aux_0: 0.5303 (0.5456)  loss_bbox_aux_0: 0.0689 (0.0863)  loss_giou_aux_0: 0.9051 (0.9169)  loss_vfl_aux_1: 0.5146 (0.5276)  loss_bbox_aux_1: 0.0668 (0.0796)  loss_giou_aux_1: 0.8776 (0.8979)  loss_vfl_aux_2: 0.5279 (0.5706)  loss_bbox_aux_2: 0.0859 (0.0914)  loss_giou_aux_2: 0.9413 (0.9621)  loss_vfl_dn_0: 0.4730 (0.4728)  loss_bbox_dn_0: 0.0395 (0.0457)  loss_giou_dn_0: 0.7239 (0.7026)  loss_vfl_dn_1: 0.4471 (0.4355)  loss_bbox_dn_1: 0.0319 (0.0361)  loss_giou_dn_1: 0.6374 (0.6079)  loss_vfl_dn_2: 0.4336 (0.4270)  loss_bbox_dn_2: 0.0319 (0.0349)  loss_giou_dn_2: 0.6219 (0.5955)  time: 0.4679  data: 0.0222  max mem: 6566
Epoch: [100]  [ 200/1617]  eta: 0:10:50  lr: 0.000010  loss: 8.9407 (9.4326)  loss_vfl: 0.5300 (0.5129)  loss_bbox: 0.0681 (0.0768)  loss_giou: 0.7467 (0.8681)  loss_vfl_aux_0: 0.5667 (0.5446)  loss_bbox_aux_0: 0.0752 (0.0854)  loss_giou_aux_0: 0.7594 (0.9022)  loss_vfl_aux_1: 0.5307 (0.5254)  loss_bbox_aux_1: 0.0693 (0.0787)  loss_giou_aux_1: 0.7509 (0.8843)  loss_vfl_aux_2: 0.5946 (0.5716)  loss_bbox_aux_2: 0.0855 (0.0914)  loss_giou_aux_2: 0.8363 (0.9506)  loss_vfl_dn_0: 0.4644 (0.4721)  loss_bbox_dn_0: 0.0463 (0.0465)  loss_giou_dn_0: 0.6514 (0.6961)  loss_vfl_dn_1: 0.4286 (0.4340)  loss_bbox_dn_1: 0.0366 (0.0369)  loss_giou_dn_1: 0.5630 (0.6030)  loss_vfl_dn_2: 0.4157 (0.4256)  loss_bbox_dn_2: 0.0357 (0.0357)  loss_giou_dn_2: 0.5526 (0.5906)  time: 0.4317  data: 0.0187  max mem: 6817
Epoch: [100]  [ 300/1617]  eta: 0:10:04  lr: 0.000010  loss: 9.4789 (9.4136)  loss_vfl: 0.5338 (0.5139)  loss_bbox: 0.0761 (0.0765)  loss_giou: 0.8095 (0.8620)  loss_vfl_aux_0: 0.5606 (0.5456)  loss_bbox_aux_0: 0.0800 (0.0847)  loss_giou_aux_0: 0.8642 (0.8980)  loss_vfl_aux_1: 0.5467 (0.5272)  loss_bbox_aux_1: 0.0756 (0.0784)  loss_giou_aux_1: 0.8273 (0.8783)  loss_vfl_aux_2: 0.5651 (0.5737)  loss_bbox_aux_2: 0.0860 (0.0912)  loss_giou_aux_2: 0.9293 (0.9480)  loss_vfl_dn_0: 0.4812 (0.4737)  loss_bbox_dn_0: 0.0457 (0.0464)  loss_giou_dn_0: 0.7110 (0.6939)  loss_vfl_dn_1: 0.4416 (0.4355)  loss_bbox_dn_1: 0.0366 (0.0368)  loss_giou_dn_1: 0.6282 (0.6001)  loss_vfl_dn_2: 0.4333 (0.4268)  loss_bbox_dn_2: 0.0354 (0.0356)  loss_giou_dn_2: 0.6037 (0.5874)  time: 0.4597  data: 0.0191  max mem: 6817
Epoch: [100]  [ 400/1617]  eta: 0:09:14  lr: 0.000010  loss: 9.6013 (9.4450)  loss_vfl: 0.5057 (0.5093)  loss_bbox: 0.0666 (0.0766)  loss_giou: 0.8541 (0.8711)  loss_vfl_aux_0: 0.5395 (0.5403)  loss_bbox_aux_0: 0.0737 (0.0851)  loss_giou_aux_0: 0.8845 (0.9081)  loss_vfl_aux_1: 0.5117 (0.5222)  loss_bbox_aux_1: 0.0657 (0.0784)  loss_giou_aux_1: 0.8759 (0.8877)  loss_vfl_aux_2: 0.5622 (0.5675)  loss_bbox_aux_2: 0.0819 (0.0919)  loss_giou_aux_2: 0.9125 (0.9583)  loss_vfl_dn_0: 0.4664 (0.4727)  loss_bbox_dn_0: 0.0392 (0.0466)  loss_giou_dn_0: 0.7147 (0.6980)  loss_vfl_dn_1: 0.4352 (0.4357)  loss_bbox_dn_1: 0.0274 (0.0370)  loss_giou_dn_1: 0.6179 (0.6043)  loss_vfl_dn_2: 0.4284 (0.4269)  loss_bbox_dn_2: 0.0267 (0.0357)  loss_giou_dn_2: 0.6110 (0.5915)  time: 0.4454  data: 0.0189  max mem: 6817
Epoch: [100]  [ 500/1617]  eta: 0:08:25  lr: 0.000010  loss: 9.3835 (9.4475)  loss_vfl: 0.5214 (0.5092)  loss_bbox: 0.0705 (0.0763)  loss_giou: 0.7636 (0.8717)  loss_vfl_aux_0: 0.5836 (0.5403)  loss_bbox_aux_0: 0.0808 (0.0848)  loss_giou_aux_0: 0.7939 (0.9091)  loss_vfl_aux_1: 0.5438 (0.5226)  loss_bbox_aux_1: 0.0710 (0.0781)  loss_giou_aux_1: 0.7709 (0.8876)  loss_vfl_aux_2: 0.5931 (0.5668)  loss_bbox_aux_2: 0.0859 (0.0920)  loss_giou_aux_2: 0.8893 (0.9590)  loss_vfl_dn_0: 0.4715 (0.4729)  loss_bbox_dn_0: 0.0450 (0.0466)  loss_giou_dn_0: 0.6733 (0.6983)  loss_vfl_dn_1: 0.4339 (0.4358)  loss_bbox_dn_1: 0.0342 (0.0370)  loss_giou_dn_1: 0.5966 (0.6047)  loss_vfl_dn_2: 0.4255 (0.4271)  loss_bbox_dn_2: 0.0340 (0.0358)  loss_giou_dn_2: 0.5922 (0.5918)  time: 0.4236  data: 0.0188  max mem: 6817
Epoch: [100]  [ 600/1617]  eta: 0:07:39  lr: 0.000010  loss: 9.4984 (9.4794)  loss_vfl: 0.5280 (0.5081)  loss_bbox: 0.0719 (0.0769)  loss_giou: 0.8216 (0.8790)  loss_vfl_aux_0: 0.5443 (0.5387)  loss_bbox_aux_0: 0.0785 (0.0852)  loss_giou_aux_0: 0.8593 (0.9164)  loss_vfl_aux_1: 0.5330 (0.5212)  loss_bbox_aux_1: 0.0732 (0.0787)  loss_giou_aux_1: 0.8291 (0.8949)  loss_vfl_aux_2: 0.5392 (0.5649)  loss_bbox_aux_2: 0.0866 (0.0924)  loss_giou_aux_2: 0.9228 (0.9653)  loss_vfl_dn_0: 0.4765 (0.4731)  loss_bbox_dn_0: 0.0436 (0.0461)  loss_giou_dn_0: 0.6945 (0.7010)  loss_vfl_dn_1: 0.4427 (0.4362)  loss_bbox_dn_1: 0.0341 (0.0366)  loss_giou_dn_1: 0.5903 (0.6072)  loss_vfl_dn_2: 0.4338 (0.4276)  loss_bbox_dn_2: 0.0333 (0.0354)  loss_giou_dn_2: 0.5779 (0.5946)  time: 0.4730  data: 0.0192  max mem: 6817
Epoch: [100]  [ 700/1617]  eta: 0:06:53  lr: 0.000010  loss: 8.9016 (9.4655)  loss_vfl: 0.5444 (0.5089)  loss_bbox: 0.0623 (0.0768)  loss_giou: 0.7274 (0.8756)  loss_vfl_aux_0: 0.5680 (0.5396)  loss_bbox_aux_0: 0.0664 (0.0850)  loss_giou_aux_0: 0.7571 (0.9133)  loss_vfl_aux_1: 0.5577 (0.5224)  loss_bbox_aux_1: 0.0638 (0.0785)  loss_giou_aux_1: 0.7494 (0.8916)  loss_vfl_aux_2: 0.6007 (0.5666)  loss_bbox_aux_2: 0.0767 (0.0923)  loss_giou_aux_2: 0.8045 (0.9625)  loss_vfl_dn_0: 0.4732 (0.4732)  loss_bbox_dn_0: 0.0436 (0.0461)  loss_giou_dn_0: 0.6515 (0.6988)  loss_vfl_dn_1: 0.4280 (0.4360)  loss_bbox_dn_1: 0.0325 (0.0366)  loss_giou_dn_1: 0.5687 (0.6058)  loss_vfl_dn_2: 0.4191 (0.4273)  loss_bbox_dn_2: 0.0323 (0.0354)  loss_giou_dn_2: 0.5507 (0.5931)  time: 0.4305  data: 0.0193  max mem: 6817
Epoch: [100]  [ 800/1617]  eta: 0:06:09  lr: 0.000010  loss: 9.1824 (9.4700)  loss_vfl: 0.5009 (0.5087)  loss_bbox: 0.0828 (0.0774)  loss_giou: 0.8031 (0.8757)  loss_vfl_aux_0: 0.5362 (0.5397)  loss_bbox_aux_0: 0.0926 (0.0857)  loss_giou_aux_0: 0.8338 (0.9133)  loss_vfl_aux_1: 0.5185 (0.5224)  loss_bbox_aux_1: 0.0851 (0.0792)  loss_giou_aux_1: 0.8204 (0.8917)  loss_vfl_aux_2: 0.5605 (0.5666)  loss_bbox_aux_2: 0.0986 (0.0930)  loss_giou_aux_2: 0.8762 (0.9631)  loss_vfl_dn_0: 0.4688 (0.4733)  loss_bbox_dn_0: 0.0547 (0.0465)  loss_giou_dn_0: 0.6634 (0.6984)  loss_vfl_dn_1: 0.4327 (0.4361)  loss_bbox_dn_1: 0.0443 (0.0370)  loss_giou_dn_1: 0.5631 (0.6058)  loss_vfl_dn_2: 0.4259 (0.4274)  loss_bbox_dn_2: 0.0421 (0.0358)  loss_giou_dn_2: 0.5543 (0.5931)  time: 0.4317  data: 0.0190  max mem: 6817
Epoch: [100]  [ 900/1617]  eta: 0:05:23  lr: 0.000010  loss: 9.0932 (9.4703)  loss_vfl: 0.5293 (0.5085)  loss_bbox: 0.0654 (0.0773)  loss_giou: 0.7604 (0.8759)  loss_vfl_aux_0: 0.5744 (0.5395)  loss_bbox_aux_0: 0.0773 (0.0857)  loss_giou_aux_0: 0.8065 (0.9135)  loss_vfl_aux_1: 0.5583 (0.5221)  loss_bbox_aux_1: 0.0660 (0.0791)  loss_giou_aux_1: 0.7784 (0.8918)  loss_vfl_aux_2: 0.6023 (0.5666)  loss_bbox_aux_2: 0.0896 (0.0930)  loss_giou_aux_2: 0.8705 (0.9633)  loss_vfl_dn_0: 0.4686 (0.4731)  loss_bbox_dn_0: 0.0474 (0.0464)  loss_giou_dn_0: 0.6843 (0.6989)  loss_vfl_dn_1: 0.4242 (0.4356)  loss_bbox_dn_1: 0.0339 (0.0369)  loss_giou_dn_1: 0.5739 (0.6063)  loss_vfl_dn_2: 0.4157 (0.4271)  loss_bbox_dn_2: 0.0320 (0.0357)  loss_giou_dn_2: 0.5575 (0.5938)  time: 0.4524  data: 0.0193  max mem: 6817
Epoch: [100]  [1000/1617]  eta: 0:04:37  lr: 0.000010  loss: 8.7448 (9.4603)  loss_vfl: 0.5053 (0.5096)  loss_bbox: 0.0685 (0.0772)  loss_giou: 0.6974 (0.8730)  loss_vfl_aux_0: 0.5832 (0.5408)  loss_bbox_aux_0: 0.0720 (0.0854)  loss_giou_aux_0: 0.7250 (0.9107)  loss_vfl_aux_1: 0.5309 (0.5234)  loss_bbox_aux_1: 0.0700 (0.0790)  loss_giou_aux_1: 0.7048 (0.8889)  loss_vfl_aux_2: 0.6269 (0.5679)  loss_bbox_aux_2: 0.0780 (0.0930)  loss_giou_aux_2: 0.8672 (0.9608)  loss_vfl_dn_0: 0.4698 (0.4729)  loss_bbox_dn_0: 0.0516 (0.0465)  loss_giou_dn_0: 0.6275 (0.6981)  loss_vfl_dn_1: 0.4300 (0.4354)  loss_bbox_dn_1: 0.0378 (0.0370)  loss_giou_dn_1: 0.5225 (0.6054)  loss_vfl_dn_2: 0.4197 (0.4269)  loss_bbox_dn_2: 0.0359 (0.0358)  loss_giou_dn_2: 0.5126 (0.5927)  time: 0.4671  data: 0.0245  max mem: 6817
Epoch: [100]  [1100/1617]  eta: 0:03:52  lr: 0.000010  loss: 9.1348 (9.4519)  loss_vfl: 0.5109 (0.5102)  loss_bbox: 0.0607 (0.0771)  loss_giou: 0.8172 (0.8711)  loss_vfl_aux_0: 0.5417 (0.5415)  loss_bbox_aux_0: 0.0699 (0.0852)  loss_giou_aux_0: 0.8608 (0.9088)  loss_vfl_aux_1: 0.5213 (0.5241)  loss_bbox_aux_1: 0.0625 (0.0789)  loss_giou_aux_1: 0.8305 (0.8871)  loss_vfl_aux_2: 0.5594 (0.5689)  loss_bbox_aux_2: 0.0806 (0.0928)  loss_giou_aux_2: 0.9057 (0.9591)  loss_vfl_dn_0: 0.4661 (0.4733)  loss_bbox_dn_0: 0.0422 (0.0464)  loss_giou_dn_0: 0.7064 (0.6969)  loss_vfl_dn_1: 0.4382 (0.4355)  loss_bbox_dn_1: 0.0329 (0.0369)  loss_giou_dn_1: 0.6001 (0.6041)  loss_vfl_dn_2: 0.4316 (0.4270)  loss_bbox_dn_2: 0.0315 (0.0356)  loss_giou_dn_2: 0.5833 (0.5915)  time: 0.4453  data: 0.0204  max mem: 6817
Epoch: [100]  [1200/1617]  eta: 0:03:07  lr: 0.000010  loss: 9.8069 (9.4551)  loss_vfl: 0.5372 (0.5102)  loss_bbox: 0.0619 (0.0771)  loss_giou: 0.8695 (0.8718)  loss_vfl_aux_0: 0.5443 (0.5413)  loss_bbox_aux_0: 0.0755 (0.0852)  loss_giou_aux_0: 0.9284 (0.9098)  loss_vfl_aux_1: 0.5571 (0.5240)  loss_bbox_aux_1: 0.0589 (0.0788)  loss_giou_aux_1: 0.9023 (0.8879)  loss_vfl_aux_2: 0.5768 (0.5692)  loss_bbox_aux_2: 0.0764 (0.0929)  loss_giou_aux_2: 0.9368 (0.9598)  loss_vfl_dn_0: 0.4717 (0.4730)  loss_bbox_dn_0: 0.0441 (0.0464)  loss_giou_dn_0: 0.7077 (0.6971)  loss_vfl_dn_1: 0.4432 (0.4352)  loss_bbox_dn_1: 0.0336 (0.0368)  loss_giou_dn_1: 0.6316 (0.6045)  loss_vfl_dn_2: 0.4329 (0.4267)  loss_bbox_dn_2: 0.0322 (0.0356)  loss_giou_dn_2: 0.6157 (0.5918)  time: 0.4595  data: 0.0311  max mem: 6817
Epoch: [100]  [1300/1617]  eta: 0:02:22  lr: 0.000010  loss: 9.1350 (9.4470)  loss_vfl: 0.5458 (0.5103)  loss_bbox: 0.0761 (0.0770)  loss_giou: 0.7807 (0.8705)  loss_vfl_aux_0: 0.5685 (0.5413)  loss_bbox_aux_0: 0.0812 (0.0851)  loss_giou_aux_0: 0.8101 (0.9084)  loss_vfl_aux_1: 0.5446 (0.5239)  loss_bbox_aux_1: 0.0782 (0.0786)  loss_giou_aux_1: 0.8084 (0.8867)  loss_vfl_aux_2: 0.6129 (0.5694)  loss_bbox_aux_2: 0.0876 (0.0927)  loss_giou_aux_2: 0.8915 (0.9585)  loss_vfl_dn_0: 0.4759 (0.4729)  loss_bbox_dn_0: 0.0432 (0.0464)  loss_giou_dn_0: 0.6506 (0.6965)  loss_vfl_dn_1: 0.4336 (0.4351)  loss_bbox_dn_1: 0.0334 (0.0368)  loss_giou_dn_1: 0.5665 (0.6037)  loss_vfl_dn_2: 0.4240 (0.4266)  loss_bbox_dn_2: 0.0323 (0.0356)  loss_giou_dn_2: 0.5562 (0.5911)  time: 0.4598  data: 0.0191  max mem: 6817
Epoch: [100]  [1400/1617]  eta: 0:01:37  lr: 0.000010  loss: 9.3682 (9.4438)  loss_vfl: 0.4897 (0.5100)  loss_bbox: 0.0596 (0.0767)  loss_giou: 0.8565 (0.8701)  loss_vfl_aux_0: 0.5325 (0.5412)  loss_bbox_aux_0: 0.0724 (0.0848)  loss_giou_aux_0: 0.9042 (0.9077)  loss_vfl_aux_1: 0.5133 (0.5237)  loss_bbox_aux_1: 0.0675 (0.0783)  loss_giou_aux_1: 0.8758 (0.8864)  loss_vfl_aux_2: 0.5638 (0.5694)  loss_bbox_aux_2: 0.0783 (0.0923)  loss_giou_aux_2: 0.9504 (0.9578)  loss_vfl_dn_0: 0.4668 (0.4730)  loss_bbox_dn_0: 0.0388 (0.0463)  loss_giou_dn_0: 0.7242 (0.6967)  loss_vfl_dn_1: 0.4368 (0.4352)  loss_bbox_dn_1: 0.0307 (0.0367)  loss_giou_dn_1: 0.6151 (0.6039)  loss_vfl_dn_2: 0.4275 (0.4267)  loss_bbox_dn_2: 0.0295 (0.0355)  loss_giou_dn_2: 0.5991 (0.5912)  time: 0.4474  data: 0.0199  max mem: 6817
Epoch: [100]  [1500/1617]  eta: 0:00:52  lr: 0.000010  loss: 9.2240 (9.4413)  loss_vfl: 0.4954 (0.5099)  loss_bbox: 0.0558 (0.0765)  loss_giou: 0.7769 (0.8697)  loss_vfl_aux_0: 0.5480 (0.5410)  loss_bbox_aux_0: 0.0598 (0.0847)  loss_giou_aux_0: 0.8246 (0.9074)  loss_vfl_aux_1: 0.5108 (0.5235)  loss_bbox_aux_1: 0.0563 (0.0781)  loss_giou_aux_1: 0.8040 (0.8863)  loss_vfl_aux_2: 0.5649 (0.5693)  loss_bbox_aux_2: 0.0691 (0.0920)  loss_giou_aux_2: 0.8759 (0.9575)  loss_vfl_dn_0: 0.4637 (0.4728)  loss_bbox_dn_0: 0.0364 (0.0462)  loss_giou_dn_0: 0.6835 (0.6969)  loss_vfl_dn_1: 0.4327 (0.4350)  loss_bbox_dn_1: 0.0291 (0.0367)  loss_giou_dn_1: 0.5884 (0.6042)  loss_vfl_dn_2: 0.4256 (0.4265)  loss_bbox_dn_2: 0.0281 (0.0354)  loss_giou_dn_2: 0.5702 (0.5916)  time: 0.4612  data: 0.0193  max mem: 6817
Epoch: [100]  [1600/1617]  eta: 0:00:07  lr: 0.000010  loss: 8.3130 (9.4189)  loss_vfl: 0.5598 (0.5109)  loss_bbox: 0.0648 (0.0762)  loss_giou: 0.6504 (0.8649)  loss_vfl_aux_0: 0.6090 (0.5423)  loss_bbox_aux_0: 0.0667 (0.0844)  loss_giou_aux_0: 0.6651 (0.9025)  loss_vfl_aux_1: 0.5850 (0.5246)  loss_bbox_aux_1: 0.0607 (0.0778)  loss_giou_aux_1: 0.6569 (0.8813)  loss_vfl_aux_2: 0.6237 (0.5709)  loss_bbox_aux_2: 0.0720 (0.0917)  loss_giou_aux_2: 0.7069 (0.9528)  loss_vfl_dn_0: 0.4687 (0.4727)  loss_bbox_dn_0: 0.0459 (0.0462)  loss_giou_dn_0: 0.5811 (0.6948)  loss_vfl_dn_1: 0.4206 (0.4347)  loss_bbox_dn_1: 0.0359 (0.0367)  loss_giou_dn_1: 0.4859 (0.6021)  loss_vfl_dn_2: 0.4133 (0.4263)  loss_bbox_dn_2: 0.0356 (0.0354)  loss_giou_dn_2: 0.4795 (0.5895)  time: 0.4479  data: 0.0200  max mem: 6817
Epoch: [100]  [1616/1617]  eta: 0:00:00  lr: 0.000010  loss: 8.4131 (9.4155)  loss_vfl: 0.5146 (0.5111)  loss_bbox: 0.0673 (0.0762)  loss_giou: 0.6820 (0.8642)  loss_vfl_aux_0: 0.5745 (0.5426)  loss_bbox_aux_0: 0.0742 (0.0844)  loss_giou_aux_0: 0.7089 (0.9019)  loss_vfl_aux_1: 0.5334 (0.5249)  loss_bbox_aux_1: 0.0691 (0.0778)  loss_giou_aux_1: 0.7015 (0.8806)  loss_vfl_aux_2: 0.6040 (0.5711)  loss_bbox_aux_2: 0.0818 (0.0916)  loss_giou_aux_2: 0.7813 (0.9522)  loss_vfl_dn_0: 0.4695 (0.4727)  loss_bbox_dn_0: 0.0406 (0.0462)  loss_giou_dn_0: 0.6062 (0.6943)  loss_vfl_dn_1: 0.4293 (0.4347)  loss_bbox_dn_1: 0.0306 (0.0367)  loss_giou_dn_1: 0.5058 (0.6017)  loss_vfl_dn_2: 0.4205 (0.4262)  loss_bbox_dn_2: 0.0299 (0.0354)  loss_giou_dn_2: 0.5017 (0.5890)  time: 0.4457  data: 0.0196  max mem: 6817
Epoch: [100] Total time: 0:12:06 (0.4491 s / it)
Averaged stats: lr: 0.000010  loss: 8.4131 (9.4155)  loss_vfl: 0.5146 (0.5111)  loss_bbox: 0.0673 (0.0762)  loss_giou: 0.6820 (0.8642)  loss_vfl_aux_0: 0.5745 (0.5426)  loss_bbox_aux_0: 0.0742 (0.0844)  loss_giou_aux_0: 0.7089 (0.9019)  loss_vfl_aux_1: 0.5334 (0.5249)  loss_bbox_aux_1: 0.0691 (0.0778)  loss_giou_aux_1: 0.7015 (0.8806)  loss_vfl_aux_2: 0.6040 (0.5711)  loss_bbox_aux_2: 0.0818 (0.0916)  loss_giou_aux_2: 0.7813 (0.9522)  loss_vfl_dn_0: 0.4695 (0.4727)  loss_bbox_dn_0: 0.0406 (0.0462)  loss_giou_dn_0: 0.6062 (0.6943)  loss_vfl_dn_1: 0.4293 (0.4347)  loss_bbox_dn_1: 0.0306 (0.0367)  loss_giou_dn_1: 0.5058 (0.6017)  loss_vfl_dn_2: 0.4205 (0.4262)  loss_bbox_dn_2: 0.0299 (0.0354)  loss_giou_dn_2: 0.5017 (0.5890)
Test:  [  0/137]  eta: 0:01:55    time: 0.8456  data: 0.3853  max mem: 6817
Test:  [ 10/137]  eta: 0:00:52    time: 0.4158  data: 0.0490  max mem: 6817
Test:  [ 20/137]  eta: 0:00:48    time: 0.3918  data: 0.0158  max mem: 6817
Test:  [ 30/137]  eta: 0:00:47    time: 0.4533  data: 0.0160  max mem: 6817
Test:  [ 40/137]  eta: 0:00:43    time: 0.4802  data: 0.0157  max mem: 6817
Test:  [ 50/137]  eta: 0:00:37    time: 0.4269  data: 0.0159  max mem: 6817
Test:  [ 60/137]  eta: 0:00:33    time: 0.3989  data: 0.0165  max mem: 6817
Test:  [ 70/137]  eta: 0:00:28    time: 0.4090  data: 0.0175  max mem: 6817
Test:  [ 80/137]  eta: 0:00:24    time: 0.4074  data: 0.0176  max mem: 6817
Test:  [ 90/137]  eta: 0:00:19    time: 0.4034  data: 0.0169  max mem: 6817
Test:  [100/137]  eta: 0:00:15    time: 0.3954  data: 0.0169  max mem: 6817
Test:  [110/137]  eta: 0:00:11    time: 0.3748  data: 0.0171  max mem: 6817
Test:  [120/137]  eta: 0:00:07    time: 0.3798  data: 0.0166  max mem: 6817
Test:  [130/137]  eta: 0:00:02    time: 0.4242  data: 0.0157  max mem: 6817
Test:  [136/137]  eta: 0:00:00    time: 0.4406  data: 0.0153  max mem: 6817
Test: Total time: 0:00:56 (0.4158 s / it)
Averaged stats: 
Accumulating evaluation results...
DONE (t=1.95s).
IoU metric: bbox
 Average Precision  (AP) @[ IoU=0.50:0.95 | area=   all | maxDets=100 ] = 0.271
 Average Precision  (AP) @[ IoU=0.50      | area=   all | maxDets=100 ] = 0.455
 Average Precision  (AP) @[ IoU=0.75      | area=   all | maxDets=100 ] = 0.272
 Average Precision  (AP) @[ IoU=0.50:0.95 | area= small | maxDets=100 ] = 0.187
 Average Precision  (AP) @[ IoU=0.50:0.95 | area=medium | maxDets=100 ] = 0.374
 Average Precision  (AP) @[ IoU=0.50:0.95 | area= large | maxDets=100 ] = 0.487
 Average Recall     (AR) @[ IoU=0.50:0.95 | area=   all | maxDets=  1 ] = 0.111
 Average Recall     (AR) @[ IoU=0.50:0.95 | area=   all | maxDets= 10 ] = 0.319
 Average Recall     (AR) @[ IoU=0.50:0.95 | area=   all | maxDets=100 ] = 0.424
 Average Recall     (AR) @[ IoU=0.50:0.95 | area= small | maxDets=100 ] = 0.342
 Average Recall     (AR) @[ IoU=0.50:0.95 | area=medium | maxDets=100 ] = 0.542
 Average Recall     (AR) @[ IoU=0.50:0.95 | area= large | maxDets=100 ] = 0.652
best_stat:  {'epoch': 100, 'coco_eval_bbox': 0.27074324697493163}
Epoch: [101]  [   0/1617]  eta: 1:04:02  lr: 0.000010  loss: 10.1898 (10.1898)  loss_vfl: 0.4009 (0.4009)  loss_bbox: 0.0796 (0.0796)  loss_giou: 1.0951 (1.0951)  loss_vfl_aux_0: 0.4390 (0.4390)  loss_bbox_aux_0: 0.0891 (0.0891)  loss_giou_aux_0: 1.1259 (1.1259)  loss_vfl_aux_1: 0.4141 (0.4141)  loss_bbox_aux_1: 0.0822 (0.0822)  loss_giou_aux_1: 1.1465 (1.1465)  loss_vfl_aux_2: 0.4935 (0.4935)  loss_bbox_aux_2: 0.0995 (0.0995)  loss_giou_aux_2: 1.0939 (1.0939)  loss_vfl_dn_0: 0.4488 (0.4488)  loss_bbox_dn_0: 0.0458 (0.0458)  loss_giou_dn_0: 0.8304 (0.8304)  loss_vfl_dn_1: 0.4103 (0.4103)  loss_bbox_dn_1: 0.0307 (0.0307)  loss_giou_dn_1: 0.7246 (0.7246)  loss_vfl_dn_2: 0.4004 (0.4004)  loss_bbox_dn_2: 0.0289 (0.0289)  loss_giou_dn_2: 0.7106 (0.7106)  time: 2.3763  data: 1.7088  max mem: 6817
Epoch: [101]  [ 100/1617]  eta: 0:12:17  lr: 0.000010  loss: 9.7268 (9.4258)  loss_vfl: 0.5164 (0.5035)  loss_bbox: 0.0807 (0.0771)  loss_giou: 0.8879 (0.8717)  loss_vfl_aux_0: 0.5698 (0.5382)  loss_bbox_aux_0: 0.0913 (0.0865)  loss_giou_aux_0: 0.9127 (0.9041)  loss_vfl_aux_1: 0.5457 (0.5181)  loss_bbox_aux_1: 0.0833 (0.0790)  loss_giou_aux_1: 0.8945 (0.8866)  loss_vfl_aux_2: 0.5931 (0.5671)  loss_bbox_aux_2: 0.0916 (0.0914)  loss_giou_aux_2: 0.9467 (0.9546)  loss_vfl_dn_0: 0.4683 (0.4734)  loss_bbox_dn_0: 0.0447 (0.0484)  loss_giou_dn_0: 0.7002 (0.6941)  loss_vfl_dn_1: 0.4374 (0.4359)  loss_bbox_dn_1: 0.0370 (0.0383)  loss_giou_dn_1: 0.5980 (0.6030)  loss_vfl_dn_2: 0.4276 (0.4276)  loss_bbox_dn_2: 0.0361 (0.0370)  loss_giou_dn_2: 0.5983 (0.5902)  time: 0.4667  data: 0.0225  max mem: 6817
Epoch: [101]  [ 200/1617]  eta: 0:11:16  lr: 0.000010  loss: 8.9718 (9.4195)  loss_vfl: 0.4996 (0.5016)  loss_bbox: 0.0500 (0.0757)  loss_giou: 0.7781 (0.8738)  loss_vfl_aux_0: 0.5399 (0.5349)  loss_bbox_aux_0: 0.0611 (0.0854)  loss_giou_aux_0: 0.8155 (0.9079)  loss_vfl_aux_1: 0.5114 (0.5152)  loss_bbox_aux_1: 0.0551 (0.0777)  loss_giou_aux_1: 0.7933 (0.8884)  loss_vfl_aux_2: 0.5681 (0.5649)  loss_bbox_aux_2: 0.0642 (0.0899)  loss_giou_aux_2: 0.8502 (0.9577)  loss_vfl_dn_0: 0.4648 (0.4727)  loss_bbox_dn_0: 0.0425 (0.0458)  loss_giou_dn_0: 0.6514 (0.6966)  loss_vfl_dn_1: 0.4261 (0.4351)  loss_bbox_dn_1: 0.0344 (0.0363)  loss_giou_dn_1: 0.5594 (0.6055)  loss_vfl_dn_2: 0.4191 (0.4265)  loss_bbox_dn_2: 0.0340 (0.0351)  loss_giou_dn_2: 0.5526 (0.5931)  time: 0.4568  data: 0.0220  max mem: 6817
Epoch: [101]  [ 300/1617]  eta: 0:10:23  lr: 0.000010  loss: 9.2194 (9.3916)  loss_vfl: 0.5593 (0.5108)  loss_bbox: 0.0679 (0.0754)  loss_giou: 0.7581 (0.8600)  loss_vfl_aux_0: 0.5678 (0.5434)  loss_bbox_aux_0: 0.0684 (0.0847)  loss_giou_aux_0: 0.7823 (0.8949)  loss_vfl_aux_1: 0.5461 (0.5242)  loss_bbox_aux_1: 0.0678 (0.0774)  loss_giou_aux_1: 0.7785 (0.8747)  loss_vfl_aux_2: 0.6101 (0.5754)  loss_bbox_aux_2: 0.0752 (0.0893)  loss_giou_aux_2: 0.8154 (0.9436)  loss_vfl_dn_0: 0.4727 (0.4743)  loss_bbox_dn_0: 0.0351 (0.0465)  loss_giou_dn_0: 0.6599 (0.6922)  loss_vfl_dn_1: 0.4353 (0.4357)  loss_bbox_dn_1: 0.0292 (0.0370)  loss_giou_dn_1: 0.5679 (0.6006)  loss_vfl_dn_2: 0.4298 (0.4274)  loss_bbox_dn_2: 0.0287 (0.0358)  loss_giou_dn_2: 0.5698 (0.5882)  time: 0.4773  data: 0.0282  max mem: 6817
Epoch: [101]  [ 400/1617]  eta: 0:09:34  lr: 0.000010  loss: 8.9768 (9.3792)  loss_vfl: 0.5006 (0.5114)  loss_bbox: 0.0644 (0.0750)  loss_giou: 0.7710 (0.8576)  loss_vfl_aux_0: 0.5368 (0.5441)  loss_bbox_aux_0: 0.0756 (0.0841)  loss_giou_aux_0: 0.7928 (0.8918)  loss_vfl_aux_1: 0.5160 (0.5250)  loss_bbox_aux_1: 0.0677 (0.0769)  loss_giou_aux_1: 0.7759 (0.8716)  loss_vfl_aux_2: 0.5534 (0.5768)  loss_bbox_aux_2: 0.0897 (0.0889)  loss_giou_aux_2: 0.9102 (0.9407)  loss_vfl_dn_0: 0.4696 (0.4741)  loss_bbox_dn_0: 0.0438 (0.0464)  loss_giou_dn_0: 0.6429 (0.6923)  loss_vfl_dn_1: 0.4354 (0.4355)  loss_bbox_dn_1: 0.0335 (0.0369)  loss_giou_dn_1: 0.5433 (0.5998)  loss_vfl_dn_2: 0.4224 (0.4274)  loss_bbox_dn_2: 0.0321 (0.0356)  loss_giou_dn_2: 0.5326 (0.5871)  time: 0.4755  data: 0.0192  max mem: 6817
Epoch: [101]  [ 500/1617]  eta: 0:08:44  lr: 0.000010  loss: 8.8496 (9.3898)  loss_vfl: 0.4949 (0.5088)  loss_bbox: 0.0624 (0.0748)  loss_giou: 0.7809 (0.8625)  loss_vfl_aux_0: 0.5267 (0.5406)  loss_bbox_aux_0: 0.0679 (0.0843)  loss_giou_aux_0: 0.8275 (0.8974)  loss_vfl_aux_1: 0.5055 (0.5226)  loss_bbox_aux_1: 0.0638 (0.0769)  loss_giou_aux_1: 0.7943 (0.8767)  loss_vfl_aux_2: 0.5552 (0.5735)  loss_bbox_aux_2: 0.0718 (0.0892)  loss_giou_aux_2: 0.8725 (0.9463)  loss_vfl_dn_0: 0.4649 (0.4736)  loss_bbox_dn_0: 0.0407 (0.0462)  loss_giou_dn_0: 0.6534 (0.6932)  loss_vfl_dn_1: 0.4313 (0.4354)  loss_bbox_dn_1: 0.0311 (0.0366)  loss_giou_dn_1: 0.5477 (0.6006)  loss_vfl_dn_2: 0.4238 (0.4271)  loss_bbox_dn_2: 0.0300 (0.0353)  loss_giou_dn_2: 0.5372 (0.5881)  time: 0.4656  data: 0.0199  max mem: 6817
Epoch: [101]  [ 600/1617]  eta: 0:07:56  lr: 0.000010  loss: 9.2662 (9.3877)  loss_vfl: 0.4956 (0.5100)  loss_bbox: 0.0705 (0.0755)  loss_giou: 0.8559 (0.8610)  loss_vfl_aux_0: 0.5347 (0.5425)  loss_bbox_aux_0: 0.0819 (0.0848)  loss_giou_aux_0: 0.8836 (0.8959)  loss_vfl_aux_1: 0.5073 (0.5238)  loss_bbox_aux_1: 0.0738 (0.0776)  loss_giou_aux_1: 0.8433 (0.8755)  loss_vfl_aux_2: 0.5532 (0.5752)  loss_bbox_aux_2: 0.0880 (0.0901)  loss_giou_aux_2: 0.9268 (0.9448)  loss_vfl_dn_0: 0.4661 (0.4737)  loss_bbox_dn_0: 0.0406 (0.0460)  loss_giou_dn_0: 0.6832 (0.6914)  loss_vfl_dn_1: 0.4318 (0.4352)  loss_bbox_dn_1: 0.0315 (0.0366)  loss_giou_dn_1: 0.5919 (0.5992)  loss_vfl_dn_2: 0.4239 (0.4269)  loss_bbox_dn_2: 0.0308 (0.0353)  loss_giou_dn_2: 0.5800 (0.5867)  time: 0.4354  data: 0.0220  max mem: 6817
Epoch: [101]  [ 700/1617]  eta: 0:07:08  lr: 0.000010  loss: 9.4697 (9.3949)  loss_vfl: 0.4783 (0.5097)  loss_bbox: 0.0681 (0.0755)  loss_giou: 0.8229 (0.8619)  loss_vfl_aux_0: 0.5090 (0.5422)  loss_bbox_aux_0: 0.0806 (0.0847)  loss_giou_aux_0: 0.8510 (0.8970)  loss_vfl_aux_1: 0.5000 (0.5234)  loss_bbox_aux_1: 0.0711 (0.0777)  loss_giou_aux_1: 0.8412 (0.8765)  loss_vfl_aux_2: 0.5496 (0.5748)  loss_bbox_aux_2: 0.0829 (0.0903)  loss_giou_aux_2: 0.8917 (0.9462)  loss_vfl_dn_0: 0.4740 (0.4740)  loss_bbox_dn_0: 0.0432 (0.0465)  loss_giou_dn_0: 0.7029 (0.6924)  loss_vfl_dn_1: 0.4370 (0.4354)  loss_bbox_dn_1: 0.0348 (0.0369)  loss_giou_dn_1: 0.6141 (0.5999)  loss_vfl_dn_2: 0.4310 (0.4270)  loss_bbox_dn_2: 0.0337 (0.0356)  loss_giou_dn_2: 0.6044 (0.5873)  time: 0.4601  data: 0.0227  max mem: 6817
Epoch: [101]  [ 800/1617]  eta: 0:06:20  lr: 0.000010  loss: 9.2755 (9.4088)  loss_vfl: 0.4942 (0.5099)  loss_bbox: 0.0689 (0.0755)  loss_giou: 0.8597 (0.8644)  loss_vfl_aux_0: 0.5300 (0.5423)  loss_bbox_aux_0: 0.0772 (0.0847)  loss_giou_aux_0: 0.8737 (0.8995)  loss_vfl_aux_1: 0.5076 (0.5237)  loss_bbox_aux_1: 0.0707 (0.0777)  loss_giou_aux_1: 0.8636 (0.8788)  loss_vfl_aux_2: 0.5571 (0.5741)  loss_bbox_aux_2: 0.0798 (0.0902)  loss_giou_aux_2: 0.9559 (0.9486)  loss_vfl_dn_0: 0.4785 (0.4741)  loss_bbox_dn_0: 0.0422 (0.0464)  loss_giou_dn_0: 0.6724 (0.6937)  loss_vfl_dn_1: 0.4353 (0.4357)  loss_bbox_dn_1: 0.0333 (0.0368)  loss_giou_dn_1: 0.5947 (0.6013)  loss_vfl_dn_2: 0.4272 (0.4273)  loss_bbox_dn_2: 0.0327 (0.0355)  loss_giou_dn_2: 0.5733 (0.5887)  time: 0.4532  data: 0.0268  max mem: 6817
Epoch: [101]  [ 900/1617]  eta: 0:05:34  lr: 0.000010  loss: 9.3737 (9.4110)  loss_vfl: 0.5332 (0.5103)  loss_bbox: 0.0697 (0.0754)  loss_giou: 0.8075 (0.8651)  loss_vfl_aux_0: 0.5663 (0.5429)  loss_bbox_aux_0: 0.0806 (0.0845)  loss_giou_aux_0: 0.8359 (0.8998)  loss_vfl_aux_1: 0.5524 (0.5243)  loss_bbox_aux_1: 0.0744 (0.0776)  loss_giou_aux_1: 0.8086 (0.8795)  loss_vfl_aux_2: 0.6086 (0.5743)  loss_bbox_aux_2: 0.0801 (0.0900)  loss_giou_aux_2: 0.8740 (0.9485)  loss_vfl_dn_0: 0.4717 (0.4740)  loss_bbox_dn_0: 0.0401 (0.0465)  loss_giou_dn_0: 0.6612 (0.6935)  loss_vfl_dn_1: 0.4357 (0.4357)  loss_bbox_dn_1: 0.0324 (0.0369)  loss_giou_dn_1: 0.5763 (0.6012)  loss_vfl_dn_2: 0.4223 (0.4271)  loss_bbox_dn_2: 0.0313 (0.0356)  loss_giou_dn_2: 0.5590 (0.5887)  time: 0.4571  data: 0.0224  max mem: 6817
Epoch: [101]  [1000/1617]  eta: 0:04:47  lr: 0.000010  loss: 9.7884 (9.4089)  loss_vfl: 0.4784 (0.5108)  loss_bbox: 0.0765 (0.0752)  loss_giou: 0.8496 (0.8644)  loss_vfl_aux_0: 0.5171 (0.5435)  loss_bbox_aux_0: 0.0840 (0.0843)  loss_giou_aux_0: 0.8853 (0.8988)  loss_vfl_aux_1: 0.5083 (0.5247)  loss_bbox_aux_1: 0.0749 (0.0774)  loss_giou_aux_1: 0.8675 (0.8788)  loss_vfl_aux_2: 0.5487 (0.5745)  loss_bbox_aux_2: 0.0888 (0.0898)  loss_giou_aux_2: 0.9551 (0.9475)  loss_vfl_dn_0: 0.4629 (0.4739)  loss_bbox_dn_0: 0.0468 (0.0465)  loss_giou_dn_0: 0.7054 (0.6936)  loss_vfl_dn_1: 0.4373 (0.4355)  loss_bbox_dn_1: 0.0370 (0.0369)  loss_giou_dn_1: 0.6313 (0.6014)  loss_vfl_dn_2: 0.4318 (0.4269)  loss_bbox_dn_2: 0.0363 (0.0356)  loss_giou_dn_2: 0.6071 (0.5889)  time: 0.4368  data: 0.0211  max mem: 6817
Epoch: [101]  [1100/1617]  eta: 0:04:00  lr: 0.000010  loss: 8.7416 (9.3958)  loss_vfl: 0.5154 (0.5116)  loss_bbox: 0.0575 (0.0750)  loss_giou: 0.7665 (0.8613)  loss_vfl_aux_0: 0.5326 (0.5442)  loss_bbox_aux_0: 0.0682 (0.0838)  loss_giou_aux_0: 0.7938 (0.8960)  loss_vfl_aux_1: 0.5192 (0.5254)  loss_bbox_aux_1: 0.0628 (0.0771)  loss_giou_aux_1: 0.7836 (0.8756)  loss_vfl_aux_2: 0.5579 (0.5749)  loss_bbox_aux_2: 0.0743 (0.0895)  loss_giou_aux_2: 0.8313 (0.9450)  loss_vfl_dn_0: 0.4728 (0.4735)  loss_bbox_dn_0: 0.0407 (0.0465)  loss_giou_dn_0: 0.6767 (0.6927)  loss_vfl_dn_1: 0.4316 (0.4351)  loss_bbox_dn_1: 0.0314 (0.0369)  loss_giou_dn_1: 0.5720 (0.6009)  loss_vfl_dn_2: 0.4255 (0.4266)  loss_bbox_dn_2: 0.0304 (0.0356)  loss_giou_dn_2: 0.5648 (0.5884)  time: 0.4344  data: 0.0210  max mem: 6817
Epoch: [101]  [1200/1617]  eta: 0:03:13  lr: 0.000010  loss: 9.5996 (9.4086)  loss_vfl: 0.4774 (0.5105)  loss_bbox: 0.0680 (0.0750)  loss_giou: 0.9019 (0.8644)  loss_vfl_aux_0: 0.5203 (0.5431)  loss_bbox_aux_0: 0.0710 (0.0838)  loss_giou_aux_0: 0.9219 (0.8990)  loss_vfl_aux_1: 0.4924 (0.5240)  loss_bbox_aux_1: 0.0649 (0.0772)  loss_giou_aux_1: 0.9282 (0.8790)  loss_vfl_aux_2: 0.5385 (0.5735)  loss_bbox_aux_2: 0.0814 (0.0896)  loss_giou_aux_2: 1.0266 (0.9487)  loss_vfl_dn_0: 0.4720 (0.4735)  loss_bbox_dn_0: 0.0389 (0.0462)  loss_giou_dn_0: 0.7253 (0.6944)  loss_vfl_dn_1: 0.4364 (0.4352)  loss_bbox_dn_1: 0.0302 (0.0366)  loss_giou_dn_1: 0.6396 (0.6026)  loss_vfl_dn_2: 0.4277 (0.4267)  loss_bbox_dn_2: 0.0285 (0.0354)  loss_giou_dn_2: 0.6238 (0.5902)  time: 0.4688  data: 0.0228  max mem: 6817
Epoch: [101]  [1300/1617]  eta: 0:02:27  lr: 0.000010  loss: 8.7083 (9.3975)  loss_vfl: 0.5206 (0.5102)  loss_bbox: 0.0514 (0.0755)  loss_giou: 0.6843 (0.8627)  loss_vfl_aux_0: 0.5738 (0.5432)  loss_bbox_aux_0: 0.0602 (0.0841)  loss_giou_aux_0: 0.7486 (0.8971)  loss_vfl_aux_1: 0.5470 (0.5239)  loss_bbox_aux_1: 0.0520 (0.0775)  loss_giou_aux_1: 0.7195 (0.8772)  loss_vfl_aux_2: 0.6084 (0.5736)  loss_bbox_aux_2: 0.0713 (0.0900)  loss_giou_aux_2: 0.7991 (0.9470)  loss_vfl_dn_0: 0.4723 (0.4732)  loss_bbox_dn_0: 0.0393 (0.0461)  loss_giou_dn_0: 0.6448 (0.6932)  loss_vfl_dn_1: 0.4279 (0.4349)  loss_bbox_dn_1: 0.0301 (0.0365)  loss_giou_dn_1: 0.5470 (0.6014)  loss_vfl_dn_2: 0.4186 (0.4264)  loss_bbox_dn_2: 0.0282 (0.0352)  loss_giou_dn_2: 0.5382 (0.5890)  time: 0.4809  data: 0.0216  max mem: 6817
Epoch: [101]  [1400/1617]  eta: 0:01:41  lr: 0.000010  loss: 9.3688 (9.4033)  loss_vfl: 0.4630 (0.5094)  loss_bbox: 0.0728 (0.0754)  loss_giou: 0.9333 (0.8649)  loss_vfl_aux_0: 0.5044 (0.5424)  loss_bbox_aux_0: 0.0825 (0.0840)  loss_giou_aux_0: 0.9277 (0.8994)  loss_vfl_aux_1: 0.4740 (0.5231)  loss_bbox_aux_1: 0.0769 (0.0775)  loss_giou_aux_1: 0.9348 (0.8794)  loss_vfl_aux_2: 0.5296 (0.5728)  loss_bbox_aux_2: 0.0811 (0.0898)  loss_giou_aux_2: 0.9323 (0.9486)  loss_vfl_dn_0: 0.4701 (0.4730)  loss_bbox_dn_0: 0.0356 (0.0457)  loss_giou_dn_0: 0.7045 (0.6939)  loss_vfl_dn_1: 0.4370 (0.4349)  loss_bbox_dn_1: 0.0267 (0.0362)  loss_giou_dn_1: 0.6034 (0.6019)  loss_vfl_dn_2: 0.4287 (0.4264)  loss_bbox_dn_2: 0.0255 (0.0350)  loss_giou_dn_2: 0.5938 (0.5895)  time: 0.4945  data: 0.0313  max mem: 6817
Epoch: [101]  [1500/1617]  eta: 0:00:54  lr: 0.000010  loss: 9.3565 (9.4121)  loss_vfl: 0.5044 (0.5099)  loss_bbox: 0.0686 (0.0758)  loss_giou: 0.8551 (0.8661)  loss_vfl_aux_0: 0.5206 (0.5429)  loss_bbox_aux_0: 0.0734 (0.0842)  loss_giou_aux_0: 0.8736 (0.9005)  loss_vfl_aux_1: 0.5094 (0.5236)  loss_bbox_aux_1: 0.0658 (0.0778)  loss_giou_aux_1: 0.8696 (0.8806)  loss_vfl_aux_2: 0.5493 (0.5729)  loss_bbox_aux_2: 0.0760 (0.0900)  loss_giou_aux_2: 0.9148 (0.9496)  loss_vfl_dn_0: 0.4754 (0.4732)  loss_bbox_dn_0: 0.0367 (0.0458)  loss_giou_dn_0: 0.6792 (0.6942)  loss_vfl_dn_1: 0.4385 (0.4352)  loss_bbox_dn_1: 0.0301 (0.0363)  loss_giou_dn_1: 0.5823 (0.6021)  loss_vfl_dn_2: 0.4318 (0.4267)  loss_bbox_dn_2: 0.0293 (0.0350)  loss_giou_dn_2: 0.5722 (0.5896)  time: 0.4682  data: 0.0203  max mem: 6999
Epoch: [101]  [1600/1617]  eta: 0:00:07  lr: 0.000010  loss: 8.9387 (9.4103)  loss_vfl: 0.5459 (0.5105)  loss_bbox: 0.0653 (0.0756)  loss_giou: 0.7532 (0.8654)  loss_vfl_aux_0: 0.5738 (0.5436)  loss_bbox_aux_0: 0.0707 (0.0839)  loss_giou_aux_0: 0.7701 (0.8995)  loss_vfl_aux_1: 0.5679 (0.5243)  loss_bbox_aux_1: 0.0644 (0.0776)  loss_giou_aux_1: 0.7626 (0.8798)  loss_vfl_aux_2: 0.5980 (0.5734)  loss_bbox_aux_2: 0.0761 (0.0898)  loss_giou_aux_2: 0.8738 (0.9489)  loss_vfl_dn_0: 0.4787 (0.4734)  loss_bbox_dn_0: 0.0398 (0.0457)  loss_giou_dn_0: 0.6601 (0.6941)  loss_vfl_dn_1: 0.4412 (0.4353)  loss_bbox_dn_1: 0.0292 (0.0362)  loss_giou_dn_1: 0.5658 (0.6019)  loss_vfl_dn_2: 0.4363 (0.4268)  loss_bbox_dn_2: 0.0280 (0.0350)  loss_giou_dn_2: 0.5491 (0.5895)  time: 0.4632  data: 0.0199  max mem: 6999
Epoch: [101]  [1616/1617]  eta: 0:00:00  lr: 0.000010  loss: 9.5129 (9.4089)  loss_vfl: 0.5188 (0.5104)  loss_bbox: 0.0637 (0.0756)  loss_giou: 0.7718 (0.8651)  loss_vfl_aux_0: 0.5548 (0.5436)  loss_bbox_aux_0: 0.0703 (0.0840)  loss_giou_aux_0: 0.8475 (0.8992)  loss_vfl_aux_1: 0.5359 (0.5242)  loss_bbox_aux_1: 0.0659 (0.0776)  loss_giou_aux_1: 0.8156 (0.8795)  loss_vfl_aux_2: 0.5946 (0.5734)  loss_bbox_aux_2: 0.0822 (0.0898)  loss_giou_aux_2: 0.8763 (0.9486)  loss_vfl_dn_0: 0.4728 (0.4735)  loss_bbox_dn_0: 0.0454 (0.0457)  loss_giou_dn_0: 0.7150 (0.6940)  loss_vfl_dn_1: 0.4363 (0.4353)  loss_bbox_dn_1: 0.0363 (0.0362)  loss_giou_dn_1: 0.6066 (0.6019)  loss_vfl_dn_2: 0.4263 (0.4268)  loss_bbox_dn_2: 0.0348 (0.0350)  loss_giou_dn_2: 0.6017 (0.5894)  time: 0.4482  data: 0.0218  max mem: 6999
Epoch: [101] Total time: 0:12:32 (0.4653 s / it)
Averaged stats: lr: 0.000010  loss: 9.5129 (9.4089)  loss_vfl: 0.5188 (0.5104)  loss_bbox: 0.0637 (0.0756)  loss_giou: 0.7718 (0.8651)  loss_vfl_aux_0: 0.5548 (0.5436)  loss_bbox_aux_0: 0.0703 (0.0840)  loss_giou_aux_0: 0.8475 (0.8992)  loss_vfl_aux_1: 0.5359 (0.5242)  loss_bbox_aux_1: 0.0659 (0.0776)  loss_giou_aux_1: 0.8156 (0.8795)  loss_vfl_aux_2: 0.5946 (0.5734)  loss_bbox_aux_2: 0.0822 (0.0898)  loss_giou_aux_2: 0.8763 (0.9486)  loss_vfl_dn_0: 0.4728 (0.4735)  loss_bbox_dn_0: 0.0454 (0.0457)  loss_giou_dn_0: 0.7150 (0.6940)  loss_vfl_dn_1: 0.4363 (0.4353)  loss_bbox_dn_1: 0.0363 (0.0362)  loss_giou_dn_1: 0.6066 (0.6019)  loss_vfl_dn_2: 0.4263 (0.4268)  loss_bbox_dn_2: 0.0348 (0.0350)  loss_giou_dn_2: 0.6017 (0.5894)
Test:  [  0/137]  eta: 0:02:00    time: 0.8788  data: 0.4766  max mem: 6999
Test:  [ 10/137]  eta: 0:00:53    time: 0.4206  data: 0.0569  max mem: 6999
Test:  [ 20/137]  eta: 0:00:48    time: 0.3890  data: 0.0155  max mem: 6999
Test:  [ 30/137]  eta: 0:00:44    time: 0.4168  data: 0.0164  max mem: 6999
Test:  [ 40/137]  eta: 0:00:41    time: 0.4438  data: 0.0170  max mem: 6999
Test:  [ 50/137]  eta: 0:00:36    time: 0.4234  data: 0.0168  max mem: 6999
Test:  [ 60/137]  eta: 0:00:32    time: 0.3945  data: 0.0164  max mem: 6999
Test:  [ 70/137]  eta: 0:00:27    time: 0.3978  data: 0.0165  max mem: 6999
Test:  [ 80/137]  eta: 0:00:23    time: 0.3985  data: 0.0163  max mem: 6999
Test:  [ 90/137]  eta: 0:00:19    time: 0.3979  data: 0.0163  max mem: 6999
Test:  [100/137]  eta: 0:00:15    time: 0.3867  data: 0.0157  max mem: 6999
Test:  [110/137]  eta: 0:00:11    time: 0.4039  data: 0.0151  max mem: 6999
Test:  [120/137]  eta: 0:00:06    time: 0.3796  data: 0.0151  max mem: 6999
Test:  [130/137]  eta: 0:00:02    time: 0.3806  data: 0.0150  max mem: 6999
Test:  [136/137]  eta: 0:00:00    time: 0.4032  data: 0.0160  max mem: 6999
Test: Total time: 0:00:55 (0.4056 s / it)
Averaged stats: 
Accumulating evaluation results...
DONE (t=1.93s).
IoU metric: bbox
 Average Precision  (AP) @[ IoU=0.50:0.95 | area=   all | maxDets=100 ] = 0.271
 Average Precision  (AP) @[ IoU=0.50      | area=   all | maxDets=100 ] = 0.456
 Average Precision  (AP) @[ IoU=0.75      | area=   all | maxDets=100 ] = 0.272
 Average Precision  (AP) @[ IoU=0.50:0.95 | area= small | maxDets=100 ] = 0.187
 Average Precision  (AP) @[ IoU=0.50:0.95 | area=medium | maxDets=100 ] = 0.374
 Average Precision  (AP) @[ IoU=0.50:0.95 | area= large | maxDets=100 ] = 0.482
 Average Recall     (AR) @[ IoU=0.50:0.95 | area=   all | maxDets=  1 ] = 0.111
 Average Recall     (AR) @[ IoU=0.50:0.95 | area=   all | maxDets= 10 ] = 0.319
 Average Recall     (AR) @[ IoU=0.50:0.95 | area=   all | maxDets=100 ] = 0.425
 Average Recall     (AR) @[ IoU=0.50:0.95 | area= small | maxDets=100 ] = 0.343
 Average Recall     (AR) @[ IoU=0.50:0.95 | area=medium | maxDets=100 ] = 0.544
 Average Recall     (AR) @[ IoU=0.50:0.95 | area= large | maxDets=100 ] = 0.650
best_stat:  {'epoch': 101, 'coco_eval_bbox': 0.2709020451832882}
Training time 0:26:37
