2026-03-09 04:32:01.916409: E external/local_xla/xla/stream_executor/cuda/cuda_fft.cc:485] Unable to register cuFFT factory: Attempting to register factory for plugin cuFFT when one has already been registered
2026-03-09 04:32:01.936628: E external/local_xla/xla/stream_executor/cuda/cuda_dnn.cc:8454] Unable to register cuDNN factory: Attempting to register factory for plugin cuDNN when one has already been registered
2026-03-09 04:32:01.942652: E external/local_xla/xla/stream_executor/cuda/cuda_blas.cc:1452] Unable to register cuBLAS factory: Attempting to register factory for plugin cuBLAS when one has already been registered
Initialized distributed mode...
Start training
Downloading: "https://github.com/lyuwenyu/storage/releases/download/v0.1/ResNet18_vd_pretrained_from_paddle.pth" to /root/.cache/torch/hub/checkpoints/ResNet18_vd_pretrained_from_paddle.pth
  0%|          | 0.00/42.8M [00:00<?, ?B/s] 12%|█▏        | 5.19M/42.8M [00:00<00:00, 53.7MB/s] 24%|██▍       | 10.3M/42.8M [00:00<00:00, 43.1MB/s] 50%|█████     | 21.6M/42.8M [00:00<00:00, 73.1MB/s] 70%|███████   | 30.0M/42.8M [00:00<00:00, 57.1MB/s] 93%|█████████▎| 40.0M/42.8M [00:00<00:00, 69.8MB/s]100%|██████████| 42.8M/42.8M [00:00<00:00, 67.2MB/s]
Load PResNet18 state_dict
Initial lr:  [0.0001, 0.0001]
Resume checkpoint from /kaggle/input/notebooks/kaviraatthanayaka/final-training-query-chang-visd-500q/RT-DETR_SOD_IMP/rtdetr_pytorch/output/rtdetr_visdrone_r18vd_scale_aware/checkpoint0099.pth
Loading last_epoch
Loading model.state_dict
Loading ema.state_dict
Loading optimizer.state_dict
Loading lr_scheduler.state_dict
loading annotations into memory...
Done (t=2.07s)
creating index...
index created!
loading annotations into memory...
Done (t=0.11s)
creating index...
index created!
number of params: 20056216
Epoch: [100]  [   0/1617]  eta: 1:26:34  lr: 0.000010  loss: 9.5424 (9.5424)  loss_vfl: 0.4626 (0.4626)  loss_bbox: 0.0618 (0.0618)  loss_giou: 0.9495 (0.9495)  loss_vfl_aux_0: 0.4716 (0.4716)  loss_bbox_aux_0: 0.0600 (0.0600)  loss_giou_aux_0: 0.9600 (0.9600)  loss_vfl_aux_1: 0.4549 (0.4549)  loss_bbox_aux_1: 0.0595 (0.0595)  loss_giou_aux_1: 0.9560 (0.9560)  loss_vfl_aux_2: 0.4739 (0.4739)  loss_bbox_aux_2: 0.0714 (0.0714)  loss_giou_aux_2: 0.9943 (0.9943)  loss_vfl_dn_0: 0.4538 (0.4538)  loss_bbox_dn_0: 0.0405 (0.0405)  loss_giou_dn_0: 0.7665 (0.7665)  loss_vfl_dn_1: 0.4399 (0.4399)  loss_bbox_dn_1: 0.0336 (0.0336)  loss_giou_dn_1: 0.6914 (0.6914)  loss_vfl_dn_2: 0.4310 (0.4310)  loss_bbox_dn_2: 0.0322 (0.0322)  loss_giou_dn_2: 0.6779 (0.6779)  time: 3.2127  data: 1.5216  max mem: 2524
Epoch: [100]  [ 100/1617]  eta: 0:09:54  lr: 0.000010  loss: 9.9226 (9.3914)  loss_vfl: 0.4979 (0.5173)  loss_bbox: 0.0622 (0.0649)  loss_giou: 0.9686 (0.8554)  loss_vfl_aux_0: 0.5141 (0.5417)  loss_bbox_aux_0: 0.0725 (0.0690)  loss_giou_aux_0: 0.9951 (0.8838)  loss_vfl_aux_1: 0.5011 (0.5290)  loss_bbox_aux_1: 0.0621 (0.0655)  loss_giou_aux_1: 0.9827 (0.8649)  loss_vfl_aux_2: 0.5070 (0.5460)  loss_bbox_aux_2: 0.0847 (0.0793)  loss_giou_aux_2: 1.0464 (0.9314)  loss_vfl_dn_0: 0.4695 (0.4716)  loss_bbox_dn_0: 0.0407 (0.0456)  loss_giou_dn_0: 0.7700 (0.7210)  loss_vfl_dn_1: 0.4373 (0.4369)  loss_bbox_dn_1: 0.0350 (0.0375)  loss_giou_dn_1: 0.6756 (0.6386)  loss_vfl_dn_2: 0.4307 (0.4288)  loss_bbox_dn_2: 0.0336 (0.0364)  loss_giou_dn_2: 0.6555 (0.6268)  time: 0.3723  data: 0.0381  max mem: 3165
Epoch: [100]  [ 200/1617]  eta: 0:08:47  lr: 0.000010  loss: 8.8804 (9.3448)  loss_vfl: 0.5185 (0.5201)  loss_bbox: 0.0516 (0.0635)  loss_giou: 0.7502 (0.8452)  loss_vfl_aux_0: 0.5247 (0.5419)  loss_bbox_aux_0: 0.0565 (0.0684)  loss_giou_aux_0: 0.7644 (0.8728)  loss_vfl_aux_1: 0.5290 (0.5311)  loss_bbox_aux_1: 0.0517 (0.0645)  loss_giou_aux_1: 0.7584 (0.8530)  loss_vfl_aux_2: 0.5584 (0.5482)  loss_bbox_aux_2: 0.0692 (0.0791)  loss_giou_aux_2: 0.8381 (0.9213)  loss_vfl_dn_0: 0.4650 (0.4705)  loss_bbox_dn_0: 0.0438 (0.0472)  loss_giou_dn_0: 0.6979 (0.7194)  loss_vfl_dn_1: 0.4227 (0.4355)  loss_bbox_dn_1: 0.0352 (0.0383)  loss_giou_dn_1: 0.6141 (0.6363)  loss_vfl_dn_2: 0.4148 (0.4275)  loss_bbox_dn_2: 0.0340 (0.0370)  loss_giou_dn_2: 0.5989 (0.6240)  time: 0.3360  data: 0.0301  max mem: 3165
Epoch: [100]  [ 300/1617]  eta: 0:08:05  lr: 0.000010  loss: 10.1447 (9.3490)  loss_vfl: 0.4844 (0.5171)  loss_bbox: 0.0655 (0.0634)  loss_giou: 0.9708 (0.8497)  loss_vfl_aux_0: 0.4878 (0.5378)  loss_bbox_aux_0: 0.0688 (0.0681)  loss_giou_aux_0: 1.0350 (0.8778)  loss_vfl_aux_1: 0.4909 (0.5285)  loss_bbox_aux_1: 0.0614 (0.0641)  loss_giou_aux_1: 0.9847 (0.8576)  loss_vfl_aux_2: 0.4708 (0.5439)  loss_bbox_aux_2: 0.0840 (0.0788)  loss_giou_aux_2: 1.1097 (0.9271)  loss_vfl_dn_0: 0.4668 (0.4698)  loss_bbox_dn_0: 0.0454 (0.0465)  loss_giou_dn_0: 0.8033 (0.7200)  loss_vfl_dn_1: 0.4360 (0.4350)  loss_bbox_dn_1: 0.0378 (0.0377)  loss_giou_dn_1: 0.7257 (0.6374)  loss_vfl_dn_2: 0.4301 (0.4271)  loss_bbox_dn_2: 0.0358 (0.0364)  loss_giou_dn_2: 0.7227 (0.6251)  time: 0.3793  data: 0.0376  max mem: 3165
Epoch: [100]  [ 400/1617]  eta: 0:07:26  lr: 0.000010  loss: 9.2560 (9.3644)  loss_vfl: 0.5377 (0.5172)  loss_bbox: 0.0530 (0.0635)  loss_giou: 0.8334 (0.8534)  loss_vfl_aux_0: 0.5435 (0.5376)  loss_bbox_aux_0: 0.0549 (0.0683)  loss_giou_aux_0: 0.8496 (0.8808)  loss_vfl_aux_1: 0.5470 (0.5291)  loss_bbox_aux_1: 0.0540 (0.0642)  loss_giou_aux_1: 0.8270 (0.8602)  loss_vfl_aux_2: 0.5469 (0.5433)  loss_bbox_aux_2: 0.0653 (0.0791)  loss_giou_aux_2: 0.9086 (0.9300)  loss_vfl_dn_0: 0.4666 (0.4687)  loss_bbox_dn_0: 0.0413 (0.0465)  loss_giou_dn_0: 0.6974 (0.7215)  loss_vfl_dn_1: 0.4318 (0.4343)  loss_bbox_dn_1: 0.0334 (0.0377)  loss_giou_dn_1: 0.6349 (0.6392)  loss_vfl_dn_2: 0.4250 (0.4267)  loss_bbox_dn_2: 0.0326 (0.0364)  loss_giou_dn_2: 0.6226 (0.6268)  time: 0.3700  data: 0.0315  max mem: 3401
Epoch: [100]  [ 500/1617]  eta: 0:06:47  lr: 0.000010  loss: 9.5191 (9.3768)  loss_vfl: 0.4978 (0.5183)  loss_bbox: 0.0642 (0.0632)  loss_giou: 0.8509 (0.8549)  loss_vfl_aux_0: 0.5039 (0.5374)  loss_bbox_aux_0: 0.0685 (0.0681)  loss_giou_aux_0: 0.9032 (0.8826)  loss_vfl_aux_1: 0.4920 (0.5293)  loss_bbox_aux_1: 0.0657 (0.0639)  loss_giou_aux_1: 0.8655 (0.8618)  loss_vfl_aux_2: 0.4998 (0.5434)  loss_bbox_aux_2: 0.0815 (0.0787)  loss_giou_aux_2: 0.9492 (0.9318)  loss_vfl_dn_0: 0.4604 (0.4692)  loss_bbox_dn_0: 0.0407 (0.0464)  loss_giou_dn_0: 0.7722 (0.7228)  loss_vfl_dn_1: 0.4375 (0.4348)  loss_bbox_dn_1: 0.0318 (0.0376)  loss_giou_dn_1: 0.6908 (0.6404)  loss_vfl_dn_2: 0.4318 (0.4275)  loss_bbox_dn_2: 0.0313 (0.0363)  loss_giou_dn_2: 0.6867 (0.6281)  time: 0.3741  data: 0.0528  max mem: 3401
Epoch: [100]  [ 600/1617]  eta: 0:06:11  lr: 0.000010  loss: 9.7314 (9.4116)  loss_vfl: 0.5554 (0.5167)  loss_bbox: 0.0662 (0.0636)  loss_giou: 0.8649 (0.8630)  loss_vfl_aux_0: 0.5728 (0.5348)  loss_bbox_aux_0: 0.0704 (0.0685)  loss_giou_aux_0: 0.9032 (0.8907)  loss_vfl_aux_1: 0.5707 (0.5272)  loss_bbox_aux_1: 0.0679 (0.0643)  loss_giou_aux_1: 0.8803 (0.8701)  loss_vfl_aux_2: 0.5754 (0.5412)  loss_bbox_aux_2: 0.0781 (0.0790)  loss_giou_aux_2: 0.9564 (0.9391)  loss_vfl_dn_0: 0.4739 (0.4693)  loss_bbox_dn_0: 0.0398 (0.0461)  loss_giou_dn_0: 0.7441 (0.7260)  loss_vfl_dn_1: 0.4404 (0.4354)  loss_bbox_dn_1: 0.0338 (0.0374)  loss_giou_dn_1: 0.6674 (0.6436)  loss_vfl_dn_2: 0.4343 (0.4280)  loss_bbox_dn_2: 0.0326 (0.0362)  loss_giou_dn_2: 0.6589 (0.6313)  time: 0.3684  data: 0.0329  max mem: 3401
Epoch: [100]  [ 700/1617]  eta: 0:05:34  lr: 0.000010  loss: 9.3139 (9.3944)  loss_vfl: 0.5150 (0.5164)  loss_bbox: 0.0611 (0.0637)  loss_giou: 0.8495 (0.8603)  loss_vfl_aux_0: 0.5262 (0.5345)  loss_bbox_aux_0: 0.0647 (0.0687)  loss_giou_aux_0: 0.8614 (0.8877)  loss_vfl_aux_1: 0.5216 (0.5266)  loss_bbox_aux_1: 0.0610 (0.0645)  loss_giou_aux_1: 0.8359 (0.8674)  loss_vfl_aux_2: 0.5261 (0.5408)  loss_bbox_aux_2: 0.0754 (0.0794)  loss_giou_aux_2: 0.8884 (0.9367)  loss_vfl_dn_0: 0.4662 (0.4692)  loss_bbox_dn_0: 0.0398 (0.0465)  loss_giou_dn_0: 0.6862 (0.7237)  loss_vfl_dn_1: 0.4300 (0.4350)  loss_bbox_dn_1: 0.0336 (0.0377)  loss_giou_dn_1: 0.5963 (0.6418)  loss_vfl_dn_2: 0.4238 (0.4275)  loss_bbox_dn_2: 0.0330 (0.0365)  loss_giou_dn_2: 0.5874 (0.6296)  time: 0.3535  data: 0.0313  max mem: 3401
Epoch: [100]  [ 800/1617]  eta: 0:04:57  lr: 0.000010  loss: 9.0420 (9.4031)  loss_vfl: 0.4997 (0.5162)  loss_bbox: 0.0643 (0.0642)  loss_giou: 0.8004 (0.8610)  loss_vfl_aux_0: 0.5377 (0.5346)  loss_bbox_aux_0: 0.0672 (0.0693)  loss_giou_aux_0: 0.8384 (0.8885)  loss_vfl_aux_1: 0.5253 (0.5266)  loss_bbox_aux_1: 0.0650 (0.0650)  loss_giou_aux_1: 0.8050 (0.8683)  loss_vfl_aux_2: 0.5387 (0.5406)  loss_bbox_aux_2: 0.0782 (0.0801)  loss_giou_aux_2: 0.8637 (0.9378)  loss_vfl_dn_0: 0.4648 (0.4692)  loss_bbox_dn_0: 0.0528 (0.0469)  loss_giou_dn_0: 0.7081 (0.7242)  loss_vfl_dn_1: 0.4340 (0.4352)  loss_bbox_dn_1: 0.0430 (0.0380)  loss_giou_dn_1: 0.6283 (0.6425)  loss_vfl_dn_2: 0.4275 (0.4277)  loss_bbox_dn_2: 0.0417 (0.0368)  loss_giou_dn_2: 0.6209 (0.6302)  time: 0.3614  data: 0.0398  max mem: 3401
Epoch: [100]  [ 900/1617]  eta: 0:04:20  lr: 0.000010  loss: 9.7353 (9.3971)  loss_vfl: 0.5425 (0.5178)  loss_bbox: 0.0594 (0.0650)  loss_giou: 0.8497 (0.8578)  loss_vfl_aux_0: 0.5565 (0.5360)  loss_bbox_aux_0: 0.0662 (0.0702)  loss_giou_aux_0: 0.8805 (0.8856)  loss_vfl_aux_1: 0.5436 (0.5284)  loss_bbox_aux_1: 0.0609 (0.0658)  loss_giou_aux_1: 0.8523 (0.8651)  loss_vfl_aux_2: 0.5626 (0.5427)  loss_bbox_aux_2: 0.0801 (0.0810)  loss_giou_aux_2: 0.9187 (0.9347)  loss_vfl_dn_0: 0.4654 (0.4691)  loss_bbox_dn_0: 0.0501 (0.0473)  loss_giou_dn_0: 0.7415 (0.7227)  loss_vfl_dn_1: 0.4390 (0.4351)  loss_bbox_dn_1: 0.0402 (0.0383)  loss_giou_dn_1: 0.6748 (0.6410)  loss_vfl_dn_2: 0.4313 (0.4275)  loss_bbox_dn_2: 0.0385 (0.0371)  loss_giou_dn_2: 0.6666 (0.6288)  time: 0.3589  data: 0.0571  max mem: 3401
Epoch: [100]  [1000/1617]  eta: 0:03:43  lr: 0.000010  loss: 9.0299 (9.3809)  loss_vfl: 0.5234 (0.5183)  loss_bbox: 0.0628 (0.0650)  loss_giou: 0.7162 (0.8546)  loss_vfl_aux_0: 0.5466 (0.5366)  loss_bbox_aux_0: 0.0643 (0.0702)  loss_giou_aux_0: 0.7332 (0.8824)  loss_vfl_aux_1: 0.5359 (0.5288)  loss_bbox_aux_1: 0.0641 (0.0659)  loss_giou_aux_1: 0.7047 (0.8621)  loss_vfl_aux_2: 0.5518 (0.5434)  loss_bbox_aux_2: 0.0712 (0.0809)  loss_giou_aux_2: 0.8001 (0.9314)  loss_vfl_dn_0: 0.4640 (0.4690)  loss_bbox_dn_0: 0.0519 (0.0474)  loss_giou_dn_0: 0.6957 (0.7210)  loss_vfl_dn_1: 0.4291 (0.4348)  loss_bbox_dn_1: 0.0427 (0.0384)  loss_giou_dn_1: 0.6163 (0.6392)  loss_vfl_dn_2: 0.4218 (0.4271)  loss_bbox_dn_2: 0.0417 (0.0372)  loss_giou_dn_2: 0.6030 (0.6271)  time: 0.3500  data: 0.0288  max mem: 3572
Epoch: [100]  [1100/1617]  eta: 0:03:07  lr: 0.000010  loss: 9.4932 (9.3698)  loss_vfl: 0.5080 (0.5182)  loss_bbox: 0.0657 (0.0650)  loss_giou: 0.8333 (0.8525)  loss_vfl_aux_0: 0.5304 (0.5362)  loss_bbox_aux_0: 0.0682 (0.0702)  loss_giou_aux_0: 0.8700 (0.8805)  loss_vfl_aux_1: 0.5281 (0.5287)  loss_bbox_aux_1: 0.0652 (0.0658)  loss_giou_aux_1: 0.8239 (0.8599)  loss_vfl_aux_2: 0.5315 (0.5433)  loss_bbox_aux_2: 0.0764 (0.0809)  loss_giou_aux_2: 0.9330 (0.9296)  loss_vfl_dn_0: 0.4650 (0.4690)  loss_bbox_dn_0: 0.0448 (0.0475)  loss_giou_dn_0: 0.7247 (0.7203)  loss_vfl_dn_1: 0.4295 (0.4349)  loss_bbox_dn_1: 0.0351 (0.0385)  loss_giou_dn_1: 0.6559 (0.6383)  loss_vfl_dn_2: 0.4193 (0.4272)  loss_bbox_dn_2: 0.0340 (0.0373)  loss_giou_dn_2: 0.6477 (0.6263)  time: 0.3677  data: 0.0422  max mem: 3597
Epoch: [100]  [1200/1617]  eta: 0:02:30  lr: 0.000010  loss: 9.4790 (9.3588)  loss_vfl: 0.4952 (0.5186)  loss_bbox: 0.0659 (0.0649)  loss_giou: 0.8816 (0.8503)  loss_vfl_aux_0: 0.5170 (0.5367)  loss_bbox_aux_0: 0.0744 (0.0701)  loss_giou_aux_0: 0.9042 (0.8784)  loss_vfl_aux_1: 0.5018 (0.5293)  loss_bbox_aux_1: 0.0671 (0.0657)  loss_giou_aux_1: 0.8891 (0.8577)  loss_vfl_aux_2: 0.5209 (0.5441)  loss_bbox_aux_2: 0.0830 (0.0808)  loss_giou_aux_2: 0.9473 (0.9274)  loss_vfl_dn_0: 0.4765 (0.4690)  loss_bbox_dn_0: 0.0406 (0.0476)  loss_giou_dn_0: 0.7389 (0.7189)  loss_vfl_dn_1: 0.4415 (0.4348)  loss_bbox_dn_1: 0.0318 (0.0385)  loss_giou_dn_1: 0.6479 (0.6368)  loss_vfl_dn_2: 0.4302 (0.4269)  loss_bbox_dn_2: 0.0309 (0.0373)  loss_giou_dn_2: 0.6322 (0.6249)  time: 0.3486  data: 0.0296  max mem: 3597
Epoch: [100]  [1300/1617]  eta: 0:01:53  lr: 0.000010  loss: 9.5311 (9.3646)  loss_vfl: 0.5178 (0.5182)  loss_bbox: 0.0629 (0.0649)  loss_giou: 0.8580 (0.8519)  loss_vfl_aux_0: 0.5204 (0.5361)  loss_bbox_aux_0: 0.0645 (0.0701)  loss_giou_aux_0: 0.8855 (0.8803)  loss_vfl_aux_1: 0.5250 (0.5288)  loss_bbox_aux_1: 0.0607 (0.0657)  loss_giou_aux_1: 0.8705 (0.8596)  loss_vfl_aux_2: 0.5258 (0.5436)  loss_bbox_aux_2: 0.0760 (0.0808)  loss_giou_aux_2: 0.9254 (0.9291)  loss_vfl_dn_0: 0.4663 (0.4691)  loss_bbox_dn_0: 0.0431 (0.0475)  loss_giou_dn_0: 0.7259 (0.7193)  loss_vfl_dn_1: 0.4358 (0.4349)  loss_bbox_dn_1: 0.0342 (0.0384)  loss_giou_dn_1: 0.6365 (0.6371)  loss_vfl_dn_2: 0.4284 (0.4270)  loss_bbox_dn_2: 0.0329 (0.0372)  loss_giou_dn_2: 0.6209 (0.6251)  time: 0.3596  data: 0.0269  max mem: 3597
Epoch: [100]  [1400/1617]  eta: 0:01:18  lr: 0.000010  loss: 9.4236 (9.3679)  loss_vfl: 0.5182 (0.5182)  loss_bbox: 0.0604 (0.0649)  loss_giou: 0.8356 (0.8525)  loss_vfl_aux_0: 0.5391 (0.5361)  loss_bbox_aux_0: 0.0620 (0.0700)  loss_giou_aux_0: 0.8738 (0.8810)  loss_vfl_aux_1: 0.5344 (0.5289)  loss_bbox_aux_1: 0.0617 (0.0657)  loss_giou_aux_1: 0.8429 (0.8602)  loss_vfl_aux_2: 0.5430 (0.5433)  loss_bbox_aux_2: 0.0743 (0.0807)  loss_giou_aux_2: 0.9130 (0.9298)  loss_vfl_dn_0: 0.4719 (0.4692)  loss_bbox_dn_0: 0.0410 (0.0474)  loss_giou_dn_0: 0.7049 (0.7196)  loss_vfl_dn_1: 0.4363 (0.4351)  loss_bbox_dn_1: 0.0335 (0.0383)  loss_giou_dn_1: 0.6342 (0.6372)  loss_vfl_dn_2: 0.4302 (0.4272)  loss_bbox_dn_2: 0.0331 (0.0371)  loss_giou_dn_2: 0.6120 (0.6253)  time: 0.3625  data: 0.0347  max mem: 3597
Epoch: [100]  [1500/1617]  eta: 0:00:42  lr: 0.000010  loss: 8.9520 (9.3708)  loss_vfl: 0.5362 (0.5173)  loss_bbox: 0.0522 (0.0650)  loss_giou: 0.6997 (0.8538)  loss_vfl_aux_0: 0.5704 (0.5353)  loss_bbox_aux_0: 0.0576 (0.0700)  loss_giou_aux_0: 0.7223 (0.8825)  loss_vfl_aux_1: 0.5552 (0.5281)  loss_bbox_aux_1: 0.0526 (0.0657)  loss_giou_aux_1: 0.6982 (0.8617)  loss_vfl_aux_2: 0.5999 (0.5425)  loss_bbox_aux_2: 0.0635 (0.0807)  loss_giou_aux_2: 0.7839 (0.9314)  loss_vfl_dn_0: 0.4600 (0.4690)  loss_bbox_dn_0: 0.0394 (0.0473)  loss_giou_dn_0: 0.6657 (0.7199)  loss_vfl_dn_1: 0.4301 (0.4350)  loss_bbox_dn_1: 0.0324 (0.0382)  loss_giou_dn_1: 0.5948 (0.6375)  loss_vfl_dn_2: 0.4227 (0.4272)  loss_bbox_dn_2: 0.0308 (0.0370)  loss_giou_dn_2: 0.5776 (0.6257)  time: 0.3628  data: 0.0340  max mem: 3597
Epoch: [100]  [1600/1617]  eta: 0:00:06  lr: 0.000010  loss: 8.5479 (9.3521)  loss_vfl: 0.5545 (0.5180)  loss_bbox: 0.0576 (0.0648)  loss_giou: 0.7119 (0.8501)  loss_vfl_aux_0: 0.5878 (0.5362)  loss_bbox_aux_0: 0.0609 (0.0698)  loss_giou_aux_0: 0.7354 (0.8786)  loss_vfl_aux_1: 0.5768 (0.5289)  loss_bbox_aux_1: 0.0573 (0.0656)  loss_giou_aux_1: 0.7141 (0.8578)  loss_vfl_aux_2: 0.6036 (0.5435)  loss_bbox_aux_2: 0.0723 (0.0805)  loss_giou_aux_2: 0.7902 (0.9273)  loss_vfl_dn_0: 0.4711 (0.4690)  loss_bbox_dn_0: 0.0435 (0.0473)  loss_giou_dn_0: 0.6477 (0.7178)  loss_vfl_dn_1: 0.4315 (0.4349)  loss_bbox_dn_1: 0.0348 (0.0383)  loss_giou_dn_1: 0.5666 (0.6357)  loss_vfl_dn_2: 0.4225 (0.4269)  loss_bbox_dn_2: 0.0333 (0.0371)  loss_giou_dn_2: 0.5551 (0.6239)  time: 0.3587  data: 0.0251  max mem: 4859
Epoch: [100]  [1616/1617]  eta: 0:00:00  lr: 0.000010  loss: 9.3686 (9.3515)  loss_vfl: 0.5331 (0.5180)  loss_bbox: 0.0625 (0.0648)  loss_giou: 0.8377 (0.8501)  loss_vfl_aux_0: 0.5406 (0.5362)  loss_bbox_aux_0: 0.0682 (0.0698)  loss_giou_aux_0: 0.8592 (0.8786)  loss_vfl_aux_1: 0.5444 (0.5289)  loss_bbox_aux_1: 0.0633 (0.0655)  loss_giou_aux_1: 0.8511 (0.8578)  loss_vfl_aux_2: 0.5339 (0.5435)  loss_bbox_aux_2: 0.0774 (0.0805)  loss_giou_aux_2: 0.9081 (0.9273)  loss_vfl_dn_0: 0.4642 (0.4690)  loss_bbox_dn_0: 0.0435 (0.0473)  loss_giou_dn_0: 0.7209 (0.7178)  loss_vfl_dn_1: 0.4252 (0.4348)  loss_bbox_dn_1: 0.0341 (0.0382)  loss_giou_dn_1: 0.6252 (0.6357)  loss_vfl_dn_2: 0.4169 (0.4269)  loss_bbox_dn_2: 0.0319 (0.0370)  loss_giou_dn_2: 0.6207 (0.6239)  time: 0.3534  data: 0.0283  max mem: 4859
Epoch: [100] Total time: 0:09:40 (0.3592 s / it)
Averaged stats: lr: 0.000010  loss: 9.3686 (9.3515)  loss_vfl: 0.5331 (0.5180)  loss_bbox: 0.0625 (0.0648)  loss_giou: 0.8377 (0.8501)  loss_vfl_aux_0: 0.5406 (0.5362)  loss_bbox_aux_0: 0.0682 (0.0698)  loss_giou_aux_0: 0.8592 (0.8786)  loss_vfl_aux_1: 0.5444 (0.5289)  loss_bbox_aux_1: 0.0633 (0.0655)  loss_giou_aux_1: 0.8511 (0.8578)  loss_vfl_aux_2: 0.5339 (0.5435)  loss_bbox_aux_2: 0.0774 (0.0805)  loss_giou_aux_2: 0.9081 (0.9273)  loss_vfl_dn_0: 0.4642 (0.4690)  loss_bbox_dn_0: 0.0435 (0.0473)  loss_giou_dn_0: 0.7209 (0.7178)  loss_vfl_dn_1: 0.4252 (0.4348)  loss_bbox_dn_1: 0.0341 (0.0382)  loss_giou_dn_1: 0.6252 (0.6357)  loss_vfl_dn_2: 0.4169 (0.4269)  loss_bbox_dn_2: 0.0319 (0.0370)  loss_giou_dn_2: 0.6207 (0.6239)
Test:  [  0/137]  eta: 0:02:12    time: 0.9660  data: 0.4965  max mem: 4859
Test:  [ 10/137]  eta: 0:01:03    time: 0.5016  data: 0.0579  max mem: 4859
Test:  [ 20/137]  eta: 0:00:56    time: 0.4621  data: 0.0148  max mem: 4859
Test:  [ 30/137]  eta: 0:00:52    time: 0.4826  data: 0.0167  max mem: 4859
Test:  [ 40/137]  eta: 0:00:48    time: 0.5113  data: 0.0171  max mem: 4859
Test:  [ 50/137]  eta: 0:00:43    time: 0.5191  data: 0.0162  max mem: 4859
Test:  [ 60/137]  eta: 0:00:37    time: 0.4831  data: 0.0176  max mem: 4859
Test:  [ 70/137]  eta: 0:00:32    time: 0.4626  data: 0.0182  max mem: 4859
Test:  [ 80/137]  eta: 0:00:27    time: 0.4688  data: 0.0188  max mem: 4859
Test:  [ 90/137]  eta: 0:00:22    time: 0.4566  data: 0.0188  max mem: 4859
Test:  [100/137]  eta: 0:00:17    time: 0.4491  data: 0.0177  max mem: 4859
Test:  [110/137]  eta: 0:00:12    time: 0.4589  data: 0.0175  max mem: 4859
Test:  [120/137]  eta: 0:00:08    time: 0.4279  data: 0.0163  max mem: 4859
Test:  [130/137]  eta: 0:00:03    time: 0.4482  data: 0.0161  max mem: 4859
Test:  [136/137]  eta: 0:00:00    time: 0.4739  data: 0.0166  max mem: 4859
Test: Total time: 0:01:05 (0.4746 s / it)
Averaged stats: 
Accumulating evaluation results...
DONE (t=2.72s).
IoU metric: bbox
 Average Precision  (AP) @[ IoU=0.50:0.95 | area=   all | maxDets=100 ] = 0.260
 Average Precision  (AP) @[ IoU=0.50      | area=   all | maxDets=100 ] = 0.445
 Average Precision  (AP) @[ IoU=0.75      | area=   all | maxDets=100 ] = 0.259
 Average Precision  (AP) @[ IoU=0.50:0.95 | area= small | maxDets=100 ] = 0.169
 Average Precision  (AP) @[ IoU=0.50:0.95 | area=medium | maxDets=100 ] = 0.368
 Average Precision  (AP) @[ IoU=0.50:0.95 | area= large | maxDets=100 ] = 0.480
 Average Recall     (AR) @[ IoU=0.50:0.95 | area=   all | maxDets=  1 ] = 0.109
 Average Recall     (AR) @[ IoU=0.50:0.95 | area=   all | maxDets= 10 ] = 0.314
 Average Recall     (AR) @[ IoU=0.50:0.95 | area=   all | maxDets=100 ] = 0.435
 Average Recall     (AR) @[ IoU=0.50:0.95 | area= small | maxDets=100 ] = 0.340
 Average Recall     (AR) @[ IoU=0.50:0.95 | area=medium | maxDets=100 ] = 0.570
 Average Recall     (AR) @[ IoU=0.50:0.95 | area= large | maxDets=100 ] = 0.710
best_stat:  {'epoch': 100, 'coco_eval_bbox': 0.25994882046315604}
Epoch: [101]  [   0/1617]  eta: 0:56:31  lr: 0.000010  loss: 10.1465 (10.1465)  loss_vfl: 0.4882 (0.4882)  loss_bbox: 0.0789 (0.0789)  loss_giou: 1.0184 (1.0184)  loss_vfl_aux_0: 0.4942 (0.4942)  loss_bbox_aux_0: 0.0740 (0.0740)  loss_giou_aux_0: 1.0455 (1.0455)  loss_vfl_aux_1: 0.4857 (0.4857)  loss_bbox_aux_1: 0.0735 (0.0735)  loss_giou_aux_1: 1.0320 (1.0320)  loss_vfl_aux_2: 0.4911 (0.4911)  loss_bbox_aux_2: 0.0920 (0.0920)  loss_giou_aux_2: 1.0918 (1.0918)  loss_vfl_dn_0: 0.4764 (0.4764)  loss_bbox_dn_0: 0.0444 (0.0444)  loss_giou_dn_0: 0.8080 (0.8080)  loss_vfl_dn_1: 0.4512 (0.4512)  loss_bbox_dn_1: 0.0357 (0.0357)  loss_giou_dn_1: 0.7022 (0.7022)  loss_vfl_dn_2: 0.4387 (0.4387)  loss_bbox_dn_2: 0.0341 (0.0341)  loss_giou_dn_2: 0.6903 (0.6903)  time: 2.0973  data: 1.7253  max mem: 4859
Epoch: [101]  [ 100/1617]  eta: 0:10:22  lr: 0.000010  loss: 9.2013 (9.4505)  loss_vfl: 0.5507 (0.5077)  loss_bbox: 0.0632 (0.0671)  loss_giou: 0.7810 (0.8740)  loss_vfl_aux_0: 0.5687 (0.5247)  loss_bbox_aux_0: 0.0651 (0.0714)  loss_giou_aux_0: 0.7887 (0.9040)  loss_vfl_aux_1: 0.5545 (0.5168)  loss_bbox_aux_1: 0.0630 (0.0677)  loss_giou_aux_1: 0.7601 (0.8841)  loss_vfl_aux_2: 0.5807 (0.5360)  loss_bbox_aux_2: 0.0765 (0.0820)  loss_giou_aux_2: 0.8495 (0.9538)  loss_vfl_dn_0: 0.4743 (0.4716)  loss_bbox_dn_0: 0.0453 (0.0485)  loss_giou_dn_0: 0.6796 (0.7249)  loss_vfl_dn_1: 0.4322 (0.4386)  loss_bbox_dn_1: 0.0384 (0.0390)  loss_giou_dn_1: 0.5892 (0.6413)  loss_vfl_dn_2: 0.4288 (0.4295)  loss_bbox_dn_2: 0.0362 (0.0377)  loss_giou_dn_2: 0.5764 (0.6300)  time: 0.3932  data: 0.0383  max mem: 4859
Epoch: [101]  [ 200/1617]  eta: 0:09:35  lr: 0.000010  loss: 9.1238 (9.4867)  loss_vfl: 0.5007 (0.5038)  loss_bbox: 0.0548 (0.0669)  loss_giou: 0.8026 (0.8849)  loss_vfl_aux_0: 0.5277 (0.5206)  loss_bbox_aux_0: 0.0595 (0.0721)  loss_giou_aux_0: 0.8358 (0.9155)  loss_vfl_aux_1: 0.5212 (0.5143)  loss_bbox_aux_1: 0.0569 (0.0677)  loss_giou_aux_1: 0.8135 (0.8945)  loss_vfl_aux_2: 0.5366 (0.5294)  loss_bbox_aux_2: 0.0705 (0.0835)  loss_giou_aux_2: 0.8908 (0.9640)  loss_vfl_dn_0: 0.4576 (0.4709)  loss_bbox_dn_0: 0.0401 (0.0476)  loss_giou_dn_0: 0.7101 (0.7281)  loss_vfl_dn_1: 0.4225 (0.4369)  loss_bbox_dn_1: 0.0312 (0.0384)  loss_giou_dn_1: 0.6409 (0.6467)  loss_vfl_dn_2: 0.4164 (0.4288)  loss_bbox_dn_2: 0.0303 (0.0370)  loss_giou_dn_2: 0.6339 (0.6352)  time: 0.4461  data: 0.0682  max mem: 4859
Epoch: [101]  [ 300/1617]  eta: 0:08:47  lr: 0.000010  loss: 9.2508 (9.4292)  loss_vfl: 0.5506 (0.5134)  loss_bbox: 0.0546 (0.0662)  loss_giou: 0.7908 (0.8670)  loss_vfl_aux_0: 0.5718 (0.5313)  loss_bbox_aux_0: 0.0593 (0.0716)  loss_giou_aux_0: 0.8233 (0.8964)  loss_vfl_aux_1: 0.5608 (0.5242)  loss_bbox_aux_1: 0.0556 (0.0671)  loss_giou_aux_1: 0.8051 (0.8761)  loss_vfl_aux_2: 0.5788 (0.5386)  loss_bbox_aux_2: 0.0680 (0.0827)  loss_giou_aux_2: 0.8479 (0.9458)  loss_vfl_dn_0: 0.4803 (0.4716)  loss_bbox_dn_0: 0.0431 (0.0477)  loss_giou_dn_0: 0.6878 (0.7221)  loss_vfl_dn_1: 0.4421 (0.4367)  loss_bbox_dn_1: 0.0338 (0.0385)  loss_giou_dn_1: 0.6010 (0.6393)  loss_vfl_dn_2: 0.4307 (0.4285)  loss_bbox_dn_2: 0.0330 (0.0372)  loss_giou_dn_2: 0.5905 (0.6274)  time: 0.3879  data: 0.0484  max mem: 4859
Epoch: [101]  [ 400/1617]  eta: 0:08:07  lr: 0.000010  loss: 9.3255 (9.4255)  loss_vfl: 0.4941 (0.5141)  loss_bbox: 0.0592 (0.0653)  loss_giou: 0.8441 (0.8664)  loss_vfl_aux_0: 0.5283 (0.5318)  loss_bbox_aux_0: 0.0680 (0.0707)  loss_giou_aux_0: 0.8743 (0.8952)  loss_vfl_aux_1: 0.5091 (0.5246)  loss_bbox_aux_1: 0.0592 (0.0663)  loss_giou_aux_1: 0.8574 (0.8751)  loss_vfl_aux_2: 0.5283 (0.5380)  loss_bbox_aux_2: 0.0778 (0.0817)  loss_giou_aux_2: 0.9238 (0.9452)  loss_vfl_dn_0: 0.4630 (0.4708)  loss_bbox_dn_0: 0.0440 (0.0473)  loss_giou_dn_0: 0.7184 (0.7238)  loss_vfl_dn_1: 0.4410 (0.4367)  loss_bbox_dn_1: 0.0336 (0.0381)  loss_giou_dn_1: 0.6523 (0.6404)  loss_vfl_dn_2: 0.4301 (0.4285)  loss_bbox_dn_2: 0.0323 (0.0368)  loss_giou_dn_2: 0.6499 (0.6284)  time: 0.3879  data: 0.0497  max mem: 4859
Epoch: [101]  [ 500/1617]  eta: 0:07:25  lr: 0.000010  loss: 9.0092 (9.4024)  loss_vfl: 0.4832 (0.5150)  loss_bbox: 0.0572 (0.0642)  loss_giou: 0.8303 (0.8628)  loss_vfl_aux_0: 0.5074 (0.5323)  loss_bbox_aux_0: 0.0588 (0.0694)  loss_giou_aux_0: 0.8557 (0.8920)  loss_vfl_aux_1: 0.4996 (0.5256)  loss_bbox_aux_1: 0.0584 (0.0651)  loss_giou_aux_1: 0.8439 (0.8715)  loss_vfl_aux_2: 0.5143 (0.5388)  loss_bbox_aux_2: 0.0671 (0.0804)  loss_giou_aux_2: 0.8941 (0.9410)  loss_vfl_dn_0: 0.4761 (0.4701)  loss_bbox_dn_0: 0.0386 (0.0468)  loss_giou_dn_0: 0.7071 (0.7225)  loss_vfl_dn_1: 0.4384 (0.4359)  loss_bbox_dn_1: 0.0314 (0.0377)  loss_giou_dn_1: 0.6341 (0.6395)  loss_vfl_dn_2: 0.4258 (0.4279)  loss_bbox_dn_2: 0.0298 (0.0364)  loss_giou_dn_2: 0.6198 (0.6275)  time: 0.4001  data: 0.0475  max mem: 4859
Epoch: [101]  [ 600/1617]  eta: 0:06:44  lr: 0.000010  loss: 9.3085 (9.4085)  loss_vfl: 0.4981 (0.5165)  loss_bbox: 0.0635 (0.0642)  loss_giou: 0.8179 (0.8625)  loss_vfl_aux_0: 0.5103 (0.5338)  loss_bbox_aux_0: 0.0612 (0.0693)  loss_giou_aux_0: 0.8810 (0.8915)  loss_vfl_aux_1: 0.5095 (0.5270)  loss_bbox_aux_1: 0.0616 (0.0651)  loss_giou_aux_1: 0.8378 (0.8712)  loss_vfl_aux_2: 0.5283 (0.5402)  loss_bbox_aux_2: 0.0715 (0.0802)  loss_giou_aux_2: 0.8991 (0.9405)  loss_vfl_dn_0: 0.4609 (0.4700)  loss_bbox_dn_0: 0.0370 (0.0466)  loss_giou_dn_0: 0.7187 (0.7227)  loss_vfl_dn_1: 0.4309 (0.4359)  loss_bbox_dn_1: 0.0282 (0.0377)  loss_giou_dn_1: 0.6394 (0.6406)  loss_vfl_dn_2: 0.4253 (0.4280)  loss_bbox_dn_2: 0.0282 (0.0365)  loss_giou_dn_2: 0.6336 (0.6286)  time: 0.4331  data: 0.0362  max mem: 4859
Epoch: [101]  [ 700/1617]  eta: 0:06:03  lr: 0.000010  loss: 9.7185 (9.4278)  loss_vfl: 0.4914 (0.5151)  loss_bbox: 0.0543 (0.0645)  loss_giou: 0.9122 (0.8669)  loss_vfl_aux_0: 0.5045 (0.5322)  loss_bbox_aux_0: 0.0586 (0.0697)  loss_giou_aux_0: 0.9459 (0.8965)  loss_vfl_aux_1: 0.5126 (0.5254)  loss_bbox_aux_1: 0.0547 (0.0654)  loss_giou_aux_1: 0.9340 (0.8760)  loss_vfl_aux_2: 0.5166 (0.5383)  loss_bbox_aux_2: 0.0675 (0.0807)  loss_giou_aux_2: 0.9992 (0.9450)  loss_vfl_dn_0: 0.4656 (0.4698)  loss_bbox_dn_0: 0.0363 (0.0465)  loss_giou_dn_0: 0.7559 (0.7248)  loss_vfl_dn_1: 0.4325 (0.4359)  loss_bbox_dn_1: 0.0303 (0.0376)  loss_giou_dn_1: 0.6547 (0.6425)  loss_vfl_dn_2: 0.4293 (0.4280)  loss_bbox_dn_2: 0.0285 (0.0364)  loss_giou_dn_2: 0.6475 (0.6306)  time: 0.3993  data: 0.0351  max mem: 4859
Epoch: [101]  [ 800/1617]  eta: 0:05:21  lr: 0.000010  loss: 9.2069 (9.4088)  loss_vfl: 0.5181 (0.5160)  loss_bbox: 0.0560 (0.0641)  loss_giou: 0.8251 (0.8629)  loss_vfl_aux_0: 0.5365 (0.5330)  loss_bbox_aux_0: 0.0607 (0.0693)  loss_giou_aux_0: 0.8568 (0.8922)  loss_vfl_aux_1: 0.5298 (0.5262)  loss_bbox_aux_1: 0.0603 (0.0651)  loss_giou_aux_1: 0.8446 (0.8720)  loss_vfl_aux_2: 0.5411 (0.5392)  loss_bbox_aux_2: 0.0695 (0.0801)  loss_giou_aux_2: 0.9218 (0.9411)  loss_vfl_dn_0: 0.4723 (0.4698)  loss_bbox_dn_0: 0.0489 (0.0465)  loss_giou_dn_0: 0.7429 (0.7235)  loss_vfl_dn_1: 0.4377 (0.4359)  loss_bbox_dn_1: 0.0402 (0.0376)  loss_giou_dn_1: 0.6455 (0.6409)  loss_vfl_dn_2: 0.4326 (0.4279)  loss_bbox_dn_2: 0.0366 (0.0364)  loss_giou_dn_2: 0.6281 (0.6291)  time: 0.3690  data: 0.0337  max mem: 4859
Epoch: [101]  [ 900/1617]  eta: 0:04:41  lr: 0.000010  loss: 9.1236 (9.4018)  loss_vfl: 0.5409 (0.5172)  loss_bbox: 0.0586 (0.0642)  loss_giou: 0.7887 (0.8602)  loss_vfl_aux_0: 0.5565 (0.5341)  loss_bbox_aux_0: 0.0678 (0.0694)  loss_giou_aux_0: 0.8062 (0.8893)  loss_vfl_aux_1: 0.5526 (0.5277)  loss_bbox_aux_1: 0.0627 (0.0652)  loss_giou_aux_1: 0.7919 (0.8692)  loss_vfl_aux_2: 0.5626 (0.5404)  loss_bbox_aux_2: 0.0759 (0.0801)  loss_giou_aux_2: 0.8545 (0.9387)  loss_vfl_dn_0: 0.4663 (0.4702)  loss_bbox_dn_0: 0.0413 (0.0467)  loss_giou_dn_0: 0.6782 (0.7225)  loss_vfl_dn_1: 0.4354 (0.4361)  loss_bbox_dn_1: 0.0341 (0.0378)  loss_giou_dn_1: 0.6024 (0.6400)  loss_vfl_dn_2: 0.4295 (0.4282)  loss_bbox_dn_2: 0.0325 (0.0366)  loss_giou_dn_2: 0.5944 (0.6282)  time: 0.3770  data: 0.0289  max mem: 4859
Epoch: [101]  [1000/1617]  eta: 0:04:01  lr: 0.000010  loss: 9.5814 (9.3825)  loss_vfl: 0.5228 (0.5187)  loss_bbox: 0.0615 (0.0641)  loss_giou: 0.8918 (0.8551)  loss_vfl_aux_0: 0.5305 (0.5356)  loss_bbox_aux_0: 0.0676 (0.0693)  loss_giou_aux_0: 0.9283 (0.8842)  loss_vfl_aux_1: 0.5252 (0.5289)  loss_bbox_aux_1: 0.0637 (0.0651)  loss_giou_aux_1: 0.9085 (0.8641)  loss_vfl_aux_2: 0.5251 (0.5421)  loss_bbox_aux_2: 0.0736 (0.0800)  loss_giou_aux_2: 0.9524 (0.9336)  loss_vfl_dn_0: 0.4640 (0.4702)  loss_bbox_dn_0: 0.0468 (0.0472)  loss_giou_dn_0: 0.7563 (0.7206)  loss_vfl_dn_1: 0.4387 (0.4360)  loss_bbox_dn_1: 0.0382 (0.0381)  loss_giou_dn_1: 0.6697 (0.6382)  loss_vfl_dn_2: 0.4323 (0.4281)  loss_bbox_dn_2: 0.0373 (0.0369)  loss_giou_dn_2: 0.6521 (0.6263)  time: 0.4112  data: 0.0585  max mem: 4859
Epoch: [101]  [1100/1617]  eta: 0:03:22  lr: 0.000010  loss: 9.1576 (9.3682)  loss_vfl: 0.5186 (0.5192)  loss_bbox: 0.0606 (0.0640)  loss_giou: 0.7926 (0.8524)  loss_vfl_aux_0: 0.5370 (0.5362)  loss_bbox_aux_0: 0.0614 (0.0691)  loss_giou_aux_0: 0.8127 (0.8814)  loss_vfl_aux_1: 0.5562 (0.5294)  loss_bbox_aux_1: 0.0592 (0.0650)  loss_giou_aux_1: 0.7977 (0.8614)  loss_vfl_aux_2: 0.5472 (0.5427)  loss_bbox_aux_2: 0.0655 (0.0798)  loss_giou_aux_2: 0.8638 (0.9310)  loss_vfl_dn_0: 0.4663 (0.4700)  loss_bbox_dn_0: 0.0399 (0.0471)  loss_giou_dn_0: 0.6929 (0.7191)  loss_vfl_dn_1: 0.4307 (0.4357)  loss_bbox_dn_1: 0.0323 (0.0381)  loss_giou_dn_1: 0.6100 (0.6368)  loss_vfl_dn_2: 0.4245 (0.4278)  loss_bbox_dn_2: 0.0313 (0.0369)  loss_giou_dn_2: 0.6054 (0.6249)  time: 0.3764  data: 0.0359  max mem: 4859
Epoch: [101]  [1200/1617]  eta: 0:02:43  lr: 0.000010  loss: 9.0749 (9.3764)  loss_vfl: 0.4981 (0.5189)  loss_bbox: 0.0552 (0.0646)  loss_giou: 0.8122 (0.8539)  loss_vfl_aux_0: 0.5270 (0.5363)  loss_bbox_aux_0: 0.0622 (0.0698)  loss_giou_aux_0: 0.8220 (0.8827)  loss_vfl_aux_1: 0.5145 (0.5293)  loss_bbox_aux_1: 0.0578 (0.0657)  loss_giou_aux_1: 0.7973 (0.8629)  loss_vfl_aux_2: 0.5417 (0.5428)  loss_bbox_aux_2: 0.0729 (0.0804)  loss_giou_aux_2: 0.8743 (0.9322)  loss_vfl_dn_0: 0.4622 (0.4702)  loss_bbox_dn_0: 0.0411 (0.0470)  loss_giou_dn_0: 0.7332 (0.7190)  loss_vfl_dn_1: 0.4265 (0.4360)  loss_bbox_dn_1: 0.0328 (0.0381)  loss_giou_dn_1: 0.6525 (0.6368)  loss_vfl_dn_2: 0.4200 (0.4281)  loss_bbox_dn_2: 0.0313 (0.0368)  loss_giou_dn_2: 0.6417 (0.6249)  time: 0.3873  data: 0.0511  max mem: 4859
Epoch: [101]  [1300/1617]  eta: 0:02:03  lr: 0.000010  loss: 9.2304 (9.3661)  loss_vfl: 0.4793 (0.5174)  loss_bbox: 0.0517 (0.0648)  loss_giou: 0.8625 (0.8533)  loss_vfl_aux_0: 0.5065 (0.5352)  loss_bbox_aux_0: 0.0601 (0.0700)  loss_giou_aux_0: 0.9081 (0.8820)  loss_vfl_aux_1: 0.4881 (0.5279)  loss_bbox_aux_1: 0.0539 (0.0659)  loss_giou_aux_1: 0.8833 (0.8622)  loss_vfl_aux_2: 0.4956 (0.5419)  loss_bbox_aux_2: 0.0724 (0.0808)  loss_giou_aux_2: 1.0052 (0.9318)  loss_vfl_dn_0: 0.4648 (0.4699)  loss_bbox_dn_0: 0.0399 (0.0470)  loss_giou_dn_0: 0.7171 (0.7180)  loss_vfl_dn_1: 0.4343 (0.4357)  loss_bbox_dn_1: 0.0306 (0.0380)  loss_giou_dn_1: 0.6523 (0.6358)  loss_vfl_dn_2: 0.4255 (0.4277)  loss_bbox_dn_2: 0.0296 (0.0368)  loss_giou_dn_2: 0.6396 (0.6240)  time: 0.3863  data: 0.0479  max mem: 5763
Epoch: [101]  [1400/1617]  eta: 0:01:24  lr: 0.000010  loss: 8.9899 (9.3593)  loss_vfl: 0.4968 (0.5172)  loss_bbox: 0.0573 (0.0646)  loss_giou: 0.7385 (0.8527)  loss_vfl_aux_0: 0.5391 (0.5350)  loss_bbox_aux_0: 0.0618 (0.0697)  loss_giou_aux_0: 0.7616 (0.8813)  loss_vfl_aux_1: 0.5164 (0.5277)  loss_bbox_aux_1: 0.0597 (0.0656)  loss_giou_aux_1: 0.7587 (0.8615)  loss_vfl_aux_2: 0.5608 (0.5417)  loss_bbox_aux_2: 0.0683 (0.0803)  loss_giou_aux_2: 0.7866 (0.9310)  loss_vfl_dn_0: 0.4685 (0.4699)  loss_bbox_dn_0: 0.0443 (0.0468)  loss_giou_dn_0: 0.6552 (0.7175)  loss_vfl_dn_1: 0.4318 (0.4356)  loss_bbox_dn_1: 0.0349 (0.0378)  loss_giou_dn_1: 0.5692 (0.6355)  loss_vfl_dn_2: 0.4276 (0.4276)  loss_bbox_dn_2: 0.0342 (0.0366)  loss_giou_dn_2: 0.5579 (0.6238)  time: 0.3805  data: 0.0473  max mem: 5763
Epoch: [101]  [1500/1617]  eta: 0:00:45  lr: 0.000010  loss: 9.4918 (9.3622)  loss_vfl: 0.5196 (0.5176)  loss_bbox: 0.0604 (0.0650)  loss_giou: 0.8544 (0.8525)  loss_vfl_aux_0: 0.5318 (0.5355)  loss_bbox_aux_0: 0.0659 (0.0701)  loss_giou_aux_0: 0.8809 (0.8811)  loss_vfl_aux_1: 0.5240 (0.5281)  loss_bbox_aux_1: 0.0616 (0.0659)  loss_giou_aux_1: 0.8615 (0.8614)  loss_vfl_aux_2: 0.5334 (0.5422)  loss_bbox_aux_2: 0.0718 (0.0808)  loss_giou_aux_2: 0.9275 (0.9306)  loss_vfl_dn_0: 0.4686 (0.4699)  loss_bbox_dn_0: 0.0362 (0.0471)  loss_giou_dn_0: 0.7345 (0.7173)  loss_vfl_dn_1: 0.4381 (0.4357)  loss_bbox_dn_1: 0.0297 (0.0381)  loss_giou_dn_1: 0.6233 (0.6352)  loss_vfl_dn_2: 0.4298 (0.4278)  loss_bbox_dn_2: 0.0291 (0.0369)  loss_giou_dn_2: 0.6271 (0.6234)  time: 0.4033  data: 0.0432  max mem: 5763
Epoch: [101]  [1600/1617]  eta: 0:00:06  lr: 0.000010  loss: 9.3668 (9.3630)  loss_vfl: 0.5231 (0.5173)  loss_bbox: 0.0575 (0.0650)  loss_giou: 0.8265 (0.8530)  loss_vfl_aux_0: 0.5366 (0.5351)  loss_bbox_aux_0: 0.0623 (0.0701)  loss_giou_aux_0: 0.8625 (0.8815)  loss_vfl_aux_1: 0.5326 (0.5278)  loss_bbox_aux_1: 0.0589 (0.0659)  loss_giou_aux_1: 0.8535 (0.8618)  loss_vfl_aux_2: 0.5319 (0.5419)  loss_bbox_aux_2: 0.0717 (0.0807)  loss_giou_aux_2: 0.9566 (0.9312)  loss_vfl_dn_0: 0.4715 (0.4701)  loss_bbox_dn_0: 0.0437 (0.0471)  loss_giou_dn_0: 0.7094 (0.7174)  loss_vfl_dn_1: 0.4365 (0.4358)  loss_bbox_dn_1: 0.0349 (0.0381)  loss_giou_dn_1: 0.6168 (0.6352)  loss_vfl_dn_2: 0.4275 (0.4278)  loss_bbox_dn_2: 0.0351 (0.0369)  loss_giou_dn_2: 0.5953 (0.6234)  time: 0.3589  data: 0.0378  max mem: 5763
Epoch: [101]  [1616/1617]  eta: 0:00:00  lr: 0.000010  loss: 9.3394 (9.3625)  loss_vfl: 0.5089 (0.5173)  loss_bbox: 0.0645 (0.0650)  loss_giou: 0.8561 (0.8528)  loss_vfl_aux_0: 0.5259 (0.5351)  loss_bbox_aux_0: 0.0704 (0.0702)  loss_giou_aux_0: 0.9031 (0.8813)  loss_vfl_aux_1: 0.5258 (0.5277)  loss_bbox_aux_1: 0.0667 (0.0660)  loss_giou_aux_1: 0.8706 (0.8616)  loss_vfl_aux_2: 0.5670 (0.5420)  loss_bbox_aux_2: 0.0775 (0.0807)  loss_giou_aux_2: 0.9279 (0.9308)  loss_vfl_dn_0: 0.4696 (0.4701)  loss_bbox_dn_0: 0.0526 (0.0472)  loss_giou_dn_0: 0.7533 (0.7174)  loss_vfl_dn_1: 0.4429 (0.4358)  loss_bbox_dn_1: 0.0391 (0.0381)  loss_giou_dn_1: 0.6508 (0.6351)  loss_vfl_dn_2: 0.4271 (0.4279)  loss_bbox_dn_2: 0.0379 (0.0369)  loss_giou_dn_2: 0.6353 (0.6233)  time: 0.3352  data: 0.0247  max mem: 5763
Epoch: [101] Total time: 0:10:29 (0.3890 s / it)
Averaged stats: lr: 0.000010  loss: 9.3394 (9.3625)  loss_vfl: 0.5089 (0.5173)  loss_bbox: 0.0645 (0.0650)  loss_giou: 0.8561 (0.8528)  loss_vfl_aux_0: 0.5259 (0.5351)  loss_bbox_aux_0: 0.0704 (0.0702)  loss_giou_aux_0: 0.9031 (0.8813)  loss_vfl_aux_1: 0.5258 (0.5277)  loss_bbox_aux_1: 0.0667 (0.0660)  loss_giou_aux_1: 0.8706 (0.8616)  loss_vfl_aux_2: 0.5670 (0.5420)  loss_bbox_aux_2: 0.0775 (0.0807)  loss_giou_aux_2: 0.9279 (0.9308)  loss_vfl_dn_0: 0.4696 (0.4701)  loss_bbox_dn_0: 0.0526 (0.0472)  loss_giou_dn_0: 0.7533 (0.7174)  loss_vfl_dn_1: 0.4429 (0.4358)  loss_bbox_dn_1: 0.0391 (0.0381)  loss_giou_dn_1: 0.6508 (0.6351)  loss_vfl_dn_2: 0.4271 (0.4279)  loss_bbox_dn_2: 0.0379 (0.0369)  loss_giou_dn_2: 0.6353 (0.6233)
Test:  [  0/137]  eta: 0:02:12    time: 0.9676  data: 0.5422  max mem: 5763
Test:  [ 10/137]  eta: 0:01:12    time: 0.5675  data: 0.0619  max mem: 5763
Test:  [ 20/137]  eta: 0:01:00    time: 0.4924  data: 0.0159  max mem: 5763
Test:  [ 30/137]  eta: 0:00:54    time: 0.4813  data: 0.0183  max mem: 5763
Test:  [ 40/137]  eta: 0:00:49    time: 0.5143  data: 0.0174  max mem: 5763
Test:  [ 50/137]  eta: 0:00:43    time: 0.4857  data: 0.0160  max mem: 5763
Test:  [ 60/137]  eta: 0:00:37    time: 0.4479  data: 0.0163  max mem: 5763
Test:  [ 70/137]  eta: 0:00:33    time: 0.4850  data: 0.0182  max mem: 5763
Test:  [ 80/137]  eta: 0:00:28    time: 0.4892  data: 0.0184  max mem: 5763
Test:  [ 90/137]  eta: 0:00:22    time: 0.4480  data: 0.0178  max mem: 5763
Test:  [100/137]  eta: 0:00:17    time: 0.4449  data: 0.0178  max mem: 5763
Test:  [110/137]  eta: 0:00:12    time: 0.4303  data: 0.0175  max mem: 5763
Test:  [120/137]  eta: 0:00:07    time: 0.4028  data: 0.0171  max mem: 5763
Test:  [130/137]  eta: 0:00:03    time: 0.4792  data: 0.0163  max mem: 5763
Test:  [136/137]  eta: 0:00:00    time: 0.4987  data: 0.0159  max mem: 5763
Test: Total time: 0:01:05 (0.4767 s / it)
Averaged stats: 
Accumulating evaluation results...
DONE (t=2.72s).
IoU metric: bbox
 Average Precision  (AP) @[ IoU=0.50:0.95 | area=   all | maxDets=100 ] = 0.260
 Average Precision  (AP) @[ IoU=0.50      | area=   all | maxDets=100 ] = 0.445
 Average Precision  (AP) @[ IoU=0.75      | area=   all | maxDets=100 ] = 0.259
 Average Precision  (AP) @[ IoU=0.50:0.95 | area= small | maxDets=100 ] = 0.170
 Average Precision  (AP) @[ IoU=0.50:0.95 | area=medium | maxDets=100 ] = 0.368
 Average Precision  (AP) @[ IoU=0.50:0.95 | area= large | maxDets=100 ] = 0.484
 Average Recall     (AR) @[ IoU=0.50:0.95 | area=   all | maxDets=  1 ] = 0.110
 Average Recall     (AR) @[ IoU=0.50:0.95 | area=   all | maxDets= 10 ] = 0.315
 Average Recall     (AR) @[ IoU=0.50:0.95 | area=   all | maxDets=100 ] = 0.436
 Average Recall     (AR) @[ IoU=0.50:0.95 | area= small | maxDets=100 ] = 0.340
 Average Recall     (AR) @[ IoU=0.50:0.95 | area=medium | maxDets=100 ] = 0.572
 Average Recall     (AR) @[ IoU=0.50:0.95 | area= large | maxDets=100 ] = 0.711
best_stat:  {'epoch': 100, 'coco_eval_bbox': 0.25994882046315604}
Training time 0:22:28
